{"/home/travis/build/npmtest/node-npmtest-email-addresses/test.js":{"path":"/home/travis/build/npmtest/node-npmtest-email-addresses/test.js","s":{"1":2,"2":2,"3":2,"4":2,"5":2,"6":2,"7":2,"8":1,"9":2,"10":2,"11":1,"12":1,"13":1,"14":1,"15":2,"16":2,"17":2,"18":2,"19":1,"20":1,"21":2,"22":2,"23":2,"24":1,"25":1,"26":1,"27":1,"28":1,"29":1,"30":1,"31":1,"32":1,"33":1,"34":1,"35":1,"36":1,"37":1,"38":1,"39":2,"40":2,"41":1,"42":2,"43":2,"44":1,"45":2,"46":2,"47":1,"48":2,"49":2,"50":1,"51":1,"52":1,"53":1,"54":1},"b":{"1":[2,1,1,1],"2":[1,1,1,1],"3":[1,1],"4":[1,1],"5":[1,1],"6":[1,1],"7":[1,1],"8":[1,1],"9":[1,1],"10":[1,1,1],"11":[1,1],"12":[1,1],"13":[1,1],"14":[1,1],"15":[1,1],"16":[1,1],"17":[1,1]},"f":{"1":2,"2":2,"3":2,"4":2,"5":2,"6":1,"7":1,"8":1,"9":2,"10":2,"11":2,"12":2,"13":1},"fnMap":{"1":{"name":"(anonymous_1)","line":12,"loc":{"start":{"line":12,"column":1},"end":{"line":12,"column":13}}},"2":{"name":"(anonymous_2)","line":19,"loc":{"start":{"line":19,"column":5},"end":{"line":19,"column":17}}},"3":{"name":"(anonymous_3)","line":23,"loc":{"start":{"line":23,"column":24},"end":{"line":23,"column":36}}},"4":{"name":"(anonymous_4)","line":61,"loc":{"start":{"line":61,"column":5},"end":{"line":61,"column":17}}},"5":{"name":"(anonymous_5)","line":82,"loc":{"start":{"line":82,"column":5},"end":{"line":82,"column":17}}},"6":{"name":"(anonymous_6)","line":91,"loc":{"start":{"line":91,"column":77},"end":{"line":94,"column":10}}},"7":{"name":"(anonymous_7)","line":112,"loc":{"start":{"line":112,"column":83},"end":{"line":115,"column":10}},"skip":true},"8":{"name":"(anonymous_8)","line":123,"loc":{"start":{"line":123,"column":77},"end":{"line":126,"column":10}},"skip":true},"9":{"name":"(anonymous_9)","line":139,"loc":{"start":{"line":139,"column":12},"end":{"line":139,"column":40}},"skip":true},"10":{"name":"(anonymous_10)","line":147,"loc":{"start":{"line":147,"column":77},"end":{"line":150,"column":10}},"skip":true},"11":{"name":"(anonymous_11)","line":158,"loc":{"start":{"line":158,"column":83},"end":{"line":161,"column":10}},"skip":true},"12":{"name":"(anonymous_12)","line":169,"loc":{"start":{"line":169,"column":79},"end":{"line":172,"column":10}},"skip":true},"13":{"name":"(anonymous_13)","line":180,"loc":{"start":{"line":180,"column":75},"end":{"line":183,"column":10}},"skip":true}},"statementMap":{"1":{"start":{"line":12,"column":0},"end":{"line":195,"column":5}},"2":{"start":{"line":14,"column":4},"end":{"line":14,"column":14}},"3":{"start":{"line":19,"column":4},"end":{"line":56,"column":9}},"4":{"start":{"line":21,"column":8},"end":{"line":21,"column":19}},"5":{"start":{"line":23,"column":8},"end":{"line":35,"column":13}},"6":{"start":{"line":24,"column":12},"end":{"line":34,"column":13}},"7":{"start":{"line":25,"column":16},"end":{"line":28,"column":30}},"8":{"start":{"line":30,"column":16},"end":{"line":33,"column":27}},"9":{"start":{"line":37,"column":8},"end":{"line":39,"column":21}},"10":{"start":{"line":40,"column":8},"end":{"line":53,"column":9}},"11":{"start":{"line":43,"column":12},"end":{"line":46,"column":14}},"12":{"start":{"line":47,"column":12},"end":{"line":47,"column":18}},"13":{"start":{"line":50,"column":12},"end":{"line":51,"column":33}},"14":{"start":{"line":52,"column":12},"end":{"line":52,"column":18}},"15":{"start":{"line":55,"column":8},"end":{"line":55,"column":35}},"16":{"start":{"line":61,"column":4},"end":{"line":63,"column":9}},"17":{"start":{"line":62,"column":8},"end":{"line":62,"column":15}},"18":{"start":{"line":64,"column":4},"end":{"line":77,"column":5}},"19":{"start":{"line":70,"column":8},"end":{"line":70,"column":14}},"20":{"start":{"line":76,"column":8},"end":{"line":76,"column":14}},"21":{"start":{"line":82,"column":4},"end":{"line":84,"column":9}},"22":{"start":{"line":83,"column":8},"end":{"line":83,"column":15}},"23":{"start":{"line":85,"column":4},"end":{"line":194,"column":5}},"24":{"start":{"line":91,"column":8},"end":{"line":99,"column":10}},"25":{"start":{"line":98,"column":12},"end":{"line":98,"column":35}},"26":{"start":{"line":102,"column":8},"end":{"line":104,"column":63}},"27":{"start":{"line":105,"column":8},"end":{"line":105,"column":14}},"28":{"start":{"line":112,"column":8},"end":{"line":121,"column":10},"skip":true},"29":{"start":{"line":119,"column":12},"end":{"line":119,"column":55},"skip":true},"30":{"start":{"line":120,"column":12},"end":{"line":120,"column":48},"skip":true},"31":{"start":{"line":123,"column":8},"end":{"line":136,"column":10},"skip":true},"32":{"start":{"line":130,"column":12},"end":{"line":130,"column":76},"skip":true},"33":{"start":{"line":131,"column":12},"end":{"line":131,"column":73},"skip":true},"34":{"start":{"line":132,"column":12},"end":{"line":132,"column":74},"skip":true},"35":{"start":{"line":133,"column":12},"end":{"line":133,"column":79},"skip":true},"36":{"start":{"line":134,"column":12},"end":{"line":134,"column":25},"skip":true},"37":{"start":{"line":135,"column":12},"end":{"line":135,"column":45},"skip":true},"38":{"start":{"line":138,"column":8},"end":{"line":145,"column":14},"skip":true},"39":{"start":{"line":143,"column":16},"end":{"line":143,"column":29},"skip":true},"40":{"start":{"line":144,"column":16},"end":{"line":144,"column":55},"skip":true},"41":{"start":{"line":147,"column":8},"end":{"line":156,"column":10},"skip":true},"42":{"start":{"line":154,"column":12},"end":{"line":154,"column":25},"skip":true},"43":{"start":{"line":155,"column":12},"end":{"line":155,"column":45},"skip":true},"44":{"start":{"line":158,"column":8},"end":{"line":167,"column":10},"skip":true},"45":{"start":{"line":165,"column":12},"end":{"line":165,"column":25},"skip":true},"46":{"start":{"line":166,"column":12},"end":{"line":166,"column":48},"skip":true},"47":{"start":{"line":169,"column":8},"end":{"line":178,"column":10},"skip":true},"48":{"start":{"line":176,"column":12},"end":{"line":176,"column":25},"skip":true},"49":{"start":{"line":177,"column":12},"end":{"line":177,"column":46},"skip":true},"50":{"start":{"line":180,"column":8},"end":{"line":189,"column":10},"skip":true},"51":{"start":{"line":187,"column":12},"end":{"line":187,"column":94},"skip":true},"52":{"start":{"line":188,"column":12},"end":{"line":188,"column":48},"skip":true},"53":{"start":{"line":192,"column":8},"end":{"line":192,"column":35},"skip":true},"54":{"start":{"line":193,"column":8},"end":{"line":193,"column":14},"skip":true}},"branchMap":{"1":{"line":25,"type":"binary-expr","locations":[{"start":{"line":25,"column":23},"end":{"line":25,"column":62}},{"start":{"line":26,"column":20},"end":{"line":26,"column":70}},{"start":{"line":27,"column":20},"end":{"line":27,"column":71}},{"start":{"line":28,"column":20},"end":{"line":28,"column":29}}]},"2":{"line":30,"type":"binary-expr","locations":[{"start":{"line":30,"column":23},"end":{"line":30,"column":37}},{"start":{"line":31,"column":20},"end":{"line":31,"column":61}},{"start":{"line":32,"column":20},"end":{"line":32,"column":70}},{"start":{"line":33,"column":20},"end":{"line":33,"column":26}}]},"3":{"line":37,"type":"cond-expr","locations":[{"start":{"line":38,"column":14},"end":{"line":38,"column":20}},{"start":{"line":39,"column":14},"end":{"line":39,"column":20}}]},"4":{"line":40,"type":"switch","locations":[{"start":{"line":42,"column":8},"end":{"line":47,"column":18}},{"start":{"line":49,"column":8},"end":{"line":52,"column":18}}]},"5":{"line":44,"type":"binary-expr","locations":[{"start":{"line":44,"column":16},"end":{"line":44,"column":44}},{"start":{"line":44,"column":48},"end":{"line":44,"column":66}}]},"6":{"line":50,"type":"binary-expr","locations":[{"start":{"line":50,"column":21},"end":{"line":50,"column":49}},{"start":{"line":50,"column":53},"end":{"line":50,"column":72}}]},"7":{"line":64,"type":"switch","locations":[{"start":{"line":69,"column":4},"end":{"line":70,"column":14}},{"start":{"line":75,"column":4},"end":{"line":76,"column":14}}]},"8":{"line":85,"type":"switch","locations":[{"start":{"line":90,"column":4},"end":{"line":105,"column":14}},{"start":{"line":111,"column":4},"end":{"line":193,"column":14},"skip":true}]},"9":{"line":91,"type":"binary-expr","locations":[{"start":{"line":91,"column":42},"end":{"line":91,"column":73}},{"start":{"line":91,"column":77},"end":{"line":99,"column":9}}]},"10":{"line":102,"type":"binary-expr","locations":[{"start":{"line":102,"column":18},"end":{"line":102,"column":32}},{"start":{"line":103,"column":12},"end":{"line":103,"column":53}},{"start":{"line":104,"column":12},"end":{"line":104,"column":61}}]},"11":{"line":112,"type":"binary-expr","locations":[{"start":{"line":112,"column":45},"end":{"line":112,"column":79},"skip":true},{"start":{"line":112,"column":83},"end":{"line":121,"column":9},"skip":true}]},"12":{"line":123,"type":"binary-expr","locations":[{"start":{"line":123,"column":42},"end":{"line":123,"column":73},"skip":true},{"start":{"line":123,"column":77},"end":{"line":136,"column":9},"skip":true}]},"13":{"line":138,"type":"binary-expr","locations":[{"start":{"line":138,"column":48},"end":{"line":138,"column":85},"skip":true},{"start":{"line":139,"column":12},"end":{"line":145,"column":13},"skip":true}]},"14":{"line":147,"type":"binary-expr","locations":[{"start":{"line":147,"column":42},"end":{"line":147,"column":73},"skip":true},{"start":{"line":147,"column":77},"end":{"line":156,"column":9},"skip":true}]},"15":{"line":158,"type":"binary-expr","locations":[{"start":{"line":158,"column":45},"end":{"line":158,"column":79},"skip":true},{"start":{"line":158,"column":83},"end":{"line":167,"column":9},"skip":true}]},"16":{"line":169,"type":"binary-expr","locations":[{"start":{"line":169,"column":43},"end":{"line":169,"column":75},"skip":true},{"start":{"line":169,"column":79},"end":{"line":178,"column":9},"skip":true}]},"17":{"line":180,"type":"binary-expr","locations":[{"start":{"line":180,"column":41},"end":{"line":180,"column":71},"skip":true},{"start":{"line":180,"column":75},"end":{"line":189,"column":9},"skip":true}]}},"code":["/* istanbul instrument in package npmtest_email_addresses */","/*jslint","    bitwise: true,","    browser: true,","    maxerr: 8,","    maxlen: 96,","    node: true,","    nomen: true,","    regexp: true,","    stupid: true","*/","(function () {","    'use strict';","    var local;","","","","    // run shared js-env code - pre-init","    (function () {","        // init local","        local = {};","        // init modeJs","        local.modeJs = (function () {","            try {","                return typeof navigator.userAgent === 'string' &&","                    typeof document.querySelector('body') === 'object' &&","                    typeof XMLHttpRequest.prototype.open === 'function' &&","                    'browser';","            } catch (errorCaughtBrowser) {","                return module.exports &&","                    typeof process.versions.node === 'string' &&","                    typeof require('http').createServer === 'function' &&","                    'node';","            }","        }());","        // init global","        local.global = local.modeJs === 'browser'","            ? window","            : global;","        switch (local.modeJs) {","        // re-init local from window.local","        case 'browser':","            local = local.global.utility2.objectSetDefault(","                local.global.utility2_rollup || local.global.local,","                local.global.utility2","            );","            break;","        // re-init local from example.js","        case 'node':","            local = (local.global.utility2_rollup || require('utility2'))","                .requireReadme();","            break;","        }","        // export local","        local.global.local = local;","    }());","","","","    // run shared js-env code - function","    (function () {","        return;","    }());","    switch (local.modeJs) {","","","","    // run browser js-env code - function","    case 'browser':","        break;","","","","    // run node js-env code - function","    case 'node':","        break;","    }","","","","    // run shared js-env code - post-init","    (function () {","        return;","    }());","    switch (local.modeJs) {","","","","    // run browser js-env code - post-init","    case 'browser':","        local.testCase_browser_nullCase = local.testCase_browser_nullCase || function (","            options,","            onError","        ) {","        /*","         * this function will test browsers's null-case handling-behavior-behavior","         */","            onError(null, options);","        };","","        // run tests","        local.nop(local.modeTest &&","            document.querySelector('#testRunButton1') &&","            document.querySelector('#testRunButton1').click());","        break;","","","","    // run node js-env code - post-init","    /* istanbul ignore next */","    case 'node':","        local.testCase_buildApidoc_default = local.testCase_buildApidoc_default || function (","            options,","            onError","        ) {","        /*","         * this function will test buildApidoc's default handling-behavior-behavior","         */","            options = { modulePathList: module.paths };","            local.buildApidoc(options, onError);","        };","","        local.testCase_buildApp_default = local.testCase_buildApp_default || function (","            options,","            onError","        ) {","        /*","         * this function will test buildApp's default handling-behavior-behavior","         */","            local.testCase_buildReadme_default(options, local.onErrorThrow);","            local.testCase_buildLib_default(options, local.onErrorThrow);","            local.testCase_buildTest_default(options, local.onErrorThrow);","            local.testCase_buildCustomOrg_default(options, local.onErrorThrow);","            options = [];","            local.buildApp(options, onError);","        };","","        local.testCase_buildCustomOrg_default = local.testCase_buildCustomOrg_default ||","            function (options, onError) {","            /*","             * this function will test buildCustomOrg's default handling-behavior","             */","                options = {};","                local.buildCustomOrg(options, onError);","            };","","        local.testCase_buildLib_default = local.testCase_buildLib_default || function (","            options,","            onError","        ) {","        /*","         * this function will test buildLib's default handling-behavior","         */","            options = {};","            local.buildLib(options, onError);","        };","","        local.testCase_buildReadme_default = local.testCase_buildReadme_default || function (","            options,","            onError","        ) {","        /*","         * this function will test buildReadme's default handling-behavior-behavior","         */","            options = {};","            local.buildReadme(options, onError);","        };","","        local.testCase_buildTest_default = local.testCase_buildTest_default || function (","            options,","            onError","        ) {","        /*","         * this function will test buildTest's default handling-behavior","         */","            options = {};","            local.buildTest(options, onError);","        };","","        local.testCase_webpage_default = local.testCase_webpage_default || function (","            options,","            onError","        ) {","        /*","         * this function will test webpage's default handling-behavior","         */","            options = { modeCoverageMerge: true, url: local.serverLocalHost + '?modeTest=1' };","            local.browserTest(options, onError);","        };","","        // run test-server","        local.testRunServer(local);","        break;","    }","}());",""],"l":{"12":2,"14":2,"19":2,"21":2,"23":2,"24":2,"25":2,"30":1,"37":2,"40":2,"43":1,"47":1,"50":1,"52":1,"55":2,"61":2,"62":2,"64":2,"70":1,"76":1,"82":2,"83":2,"85":2,"91":1,"98":1,"102":1,"105":1,"112":1,"119":1,"120":1,"123":1,"130":1,"131":1,"132":1,"133":1,"134":1,"135":1,"138":1,"143":2,"144":2,"147":1,"154":2,"155":2,"158":1,"165":2,"166":2,"169":1,"176":2,"177":2,"180":1,"187":1,"188":1,"192":1,"193":1}},"/home/travis/build/npmtest/node-npmtest-email-addresses/lib.npmtest_email_addresses.js":{"path":"/home/travis/build/npmtest/node-npmtest-email-addresses/lib.npmtest_email_addresses.js","s":{"1":2,"2":2,"3":2,"4":2,"5":2,"6":2,"7":2,"8":1,"9":2,"10":2,"11":2,"12":2,"13":1,"14":1,"15":1,"16":1},"b":{"1":[2,1,1,1],"2":[1,1,1,1],"3":[1,1],"4":[2,2],"5":[1,1]},"f":{"1":2,"2":2,"3":2},"fnMap":{"1":{"name":"(anonymous_1)","line":12,"loc":{"start":{"line":12,"column":1},"end":{"line":12,"column":13}}},"2":{"name":"(anonymous_2)","line":19,"loc":{"start":{"line":19,"column":5},"end":{"line":19,"column":17}}},"3":{"name":"(anonymous_3)","line":23,"loc":{"start":{"line":23,"column":24},"end":{"line":23,"column":36}}}},"statementMap":{"1":{"start":{"line":12,"column":0},"end":{"line":53,"column":5}},"2":{"start":{"line":14,"column":4},"end":{"line":14,"column":14}},"3":{"start":{"line":19,"column":4},"end":{"line":52,"column":9}},"4":{"start":{"line":21,"column":8},"end":{"line":21,"column":19}},"5":{"start":{"line":23,"column":8},"end":{"line":35,"column":13}},"6":{"start":{"line":24,"column":12},"end":{"line":34,"column":13}},"7":{"start":{"line":25,"column":16},"end":{"line":28,"column":30}},"8":{"start":{"line":30,"column":16},"end":{"line":33,"column":27}},"9":{"start":{"line":37,"column":8},"end":{"line":39,"column":21}},"10":{"start":{"line":41,"column":8},"end":{"line":41,"column":54}},"11":{"start":{"line":43,"column":8},"end":{"line":43,"column":60}},"12":{"start":{"line":45,"column":8},"end":{"line":51,"column":9}},"13":{"start":{"line":46,"column":12},"end":{"line":46,"column":66}},"14":{"start":{"line":48,"column":12},"end":{"line":48,"column":35}},"15":{"start":{"line":49,"column":12},"end":{"line":49,"column":49}},"16":{"start":{"line":50,"column":12},"end":{"line":50,"column":43}}},"branchMap":{"1":{"line":25,"type":"binary-expr","locations":[{"start":{"line":25,"column":23},"end":{"line":25,"column":62}},{"start":{"line":26,"column":20},"end":{"line":26,"column":70}},{"start":{"line":27,"column":20},"end":{"line":27,"column":71}},{"start":{"line":28,"column":20},"end":{"line":28,"column":29}}]},"2":{"line":30,"type":"binary-expr","locations":[{"start":{"line":30,"column":23},"end":{"line":30,"column":37}},{"start":{"line":31,"column":20},"end":{"line":31,"column":61}},{"start":{"line":32,"column":20},"end":{"line":32,"column":70}},{"start":{"line":33,"column":20},"end":{"line":33,"column":26}}]},"3":{"line":37,"type":"cond-expr","locations":[{"start":{"line":38,"column":14},"end":{"line":38,"column":20}},{"start":{"line":39,"column":14},"end":{"line":39,"column":20}}]},"4":{"line":41,"type":"binary-expr","locations":[{"start":{"line":41,"column":16},"end":{"line":41,"column":44}},{"start":{"line":41,"column":48},"end":{"line":41,"column":53}}]},"5":{"line":45,"type":"if","locations":[{"start":{"line":45,"column":8},"end":{"line":45,"column":8}},{"start":{"line":45,"column":8},"end":{"line":45,"column":8}}]}},"code":["/* istanbul instrument in package npmtest_email_addresses */","/*jslint","    bitwise: true,","    browser: true,","    maxerr: 8,","    maxlen: 96,","    node: true,","    nomen: true,","    regexp: true,","    stupid: true","*/","(function () {","    'use strict';","    var local;","","","","    // run shared js-env code - pre-init","    (function () {","        // init local","        local = {};","        // init modeJs","        local.modeJs = (function () {","            try {","                return typeof navigator.userAgent === 'string' &&","                    typeof document.querySelector('body') === 'object' &&","                    typeof XMLHttpRequest.prototype.open === 'function' &&","                    'browser';","            } catch (errorCaughtBrowser) {","                return module.exports &&","                    typeof process.versions.node === 'string' &&","                    typeof require('http').createServer === 'function' &&","                    'node';","            }","        }());","        // init global","        local.global = local.modeJs === 'browser'","            ? window","            : global;","        // init utility2_rollup","        local = local.global.utility2_rollup || local;","        // init lib","        local.local = local.npmtest_email_addresses = local;","        // init exports","        if (local.modeJs === 'browser') {","            local.global.utility2_npmtest_email_addresses = local;","        } else {","            module.exports = local;","            module.exports.__dirname = __dirname;","            module.exports.module = module;","        }","    }());","}());",""],"l":{"12":2,"14":2,"19":2,"21":2,"23":2,"24":2,"25":2,"30":1,"37":2,"41":2,"43":2,"45":2,"46":1,"48":1,"49":1,"50":1}},"/home/travis/build/npmtest/node-npmtest-email-addresses/example.js":{"path":"/home/travis/build/npmtest/node-npmtest-email-addresses/example.js","s":{"1":2,"2":2,"3":2,"4":2,"5":2,"6":2,"7":2,"8":1,"9":2,"10":2,"11":2,"12":2,"13":1,"14":2,"15":2,"16":2,"17":2,"18":2,"19":0,"20":2,"21":1,"22":1,"23":1,"24":1,"25":1,"26":0,"27":0,"28":1,"29":1,"30":2,"31":0,"32":0,"33":0,"34":1,"35":2,"36":2,"37":3,"38":3,"39":3,"40":3,"41":0,"42":3,"43":3,"44":3,"45":1,"46":3,"47":1,"48":1,"49":1,"50":1,"51":1,"52":1,"53":1,"54":1,"55":1,"56":1,"57":0,"58":1,"59":6,"60":6,"61":1,"62":2,"63":0,"64":2,"65":1,"66":1,"67":0,"68":0,"69":0,"70":0,"71":0,"72":0,"73":0,"74":0,"75":0,"76":0,"77":0,"78":0,"79":0,"80":0,"81":0,"82":0,"83":0},"b":{"1":[2,1,1,1],"2":[1,1,1,1],"3":[1,1],"4":[2,2],"5":[1,1],"6":[1,1],"7":[2,0],"8":[2,1,1,1,1,1],"9":[0,2,0],"10":[1,1],"11":[2,1,1],"12":[1,0],"13":[0,2],"14":[2,0,0,0,0,0,0],"15":[0,3],"16":[3,0],"17":[1,1],"18":[0,1],"19":[1,2,0,2],"20":[1,0],"21":[1,1],"22":[0,0],"23":[0,0],"24":[0,0],"25":[0,0],"26":[0,0],"27":[0,0],"28":[0,0]},"f":{"1":2,"2":2,"3":2,"4":2,"5":2,"6":2,"7":3,"8":3,"9":3,"10":1,"11":6,"12":0},"fnMap":{"1":{"name":"(anonymous_1)","line":26,"loc":{"start":{"line":26,"column":1},"end":{"line":26,"column":13}}},"2":{"name":"(anonymous_2)","line":33,"loc":{"start":{"line":33,"column":5},"end":{"line":33,"column":17}}},"3":{"name":"(anonymous_3)","line":37,"loc":{"start":{"line":37,"column":24},"end":{"line":37,"column":36}}},"4":{"name":"(anonymous_4)","line":69,"loc":{"start":{"line":69,"column":31},"end":{"line":69,"column":48}},"skip":true},"5":{"name":"(anonymous_5)","line":78,"loc":{"start":{"line":78,"column":26},"end":{"line":78,"column":45}},"skip":true},"6":{"name":"(anonymous_6)","line":123,"loc":{"start":{"line":123,"column":33},"end":{"line":123,"column":48}},"skip":true},"7":{"name":"(anonymous_7)","line":125,"loc":{"start":{"line":125,"column":27},"end":{"line":125,"column":39}},"skip":true},"8":{"name":"(anonymous_8)","line":133,"loc":{"start":{"line":133,"column":59},"end":{"line":133,"column":74}},"skip":true},"9":{"name":"(anonymous_9)","line":143,"loc":{"start":{"line":143,"column":45},"end":{"line":143,"column":62}},"skip":true},"10":{"name":"(anonymous_10)","line":144,"loc":{"start":{"line":144,"column":73},"end":{"line":144,"column":92}},"skip":true},"11":{"name":"(anonymous_11)","line":272,"loc":{"start":{"line":272,"column":51},"end":{"line":272,"column":77}},"skip":true},"12":{"name":"(anonymous_12)","line":315,"loc":{"start":{"line":315,"column":32},"end":{"line":315,"column":61}},"skip":true}},"statementMap":{"1":{"start":{"line":26,"column":0},"end":{"line":326,"column":5}},"2":{"start":{"line":28,"column":4},"end":{"line":28,"column":14}},"3":{"start":{"line":33,"column":4},"end":{"line":60,"column":9}},"4":{"start":{"line":35,"column":8},"end":{"line":35,"column":19}},"5":{"start":{"line":37,"column":8},"end":{"line":49,"column":13}},"6":{"start":{"line":38,"column":12},"end":{"line":48,"column":13}},"7":{"start":{"line":39,"column":16},"end":{"line":42,"column":30}},"8":{"start":{"line":44,"column":16},"end":{"line":47,"column":27}},"9":{"start":{"line":51,"column":8},"end":{"line":53,"column":21}},"10":{"start":{"line":55,"column":8},"end":{"line":57,"column":45}},"11":{"start":{"line":59,"column":8},"end":{"line":59,"column":35}},"12":{"start":{"line":61,"column":4},"end":{"line":325,"column":5}},"13":{"start":{"line":69,"column":8},"end":{"line":121,"column":10},"skip":true},"14":{"start":{"line":70,"column":12},"end":{"line":88,"column":13},"skip":true},"15":{"start":{"line":76,"column":16},"end":{"line":87,"column":19},"skip":true},"16":{"start":{"line":79,"column":20},"end":{"line":86,"column":21},"skip":true},"17":{"start":{"line":82,"column":24},"end":{"line":82,"column":43},"skip":true},"18":{"start":{"line":83,"column":24},"end":{"line":83,"column":30},"skip":true},"19":{"start":{"line":85,"column":24},"end":{"line":85,"column":49},"skip":true},"20":{"start":{"line":89,"column":12},"end":{"line":107,"column":13},"skip":true},"21":{"start":{"line":92,"column":16},"end":{"line":102,"column":17},"skip":true},"22":{"start":{"line":93,"column":20},"end":{"line":93,"column":86},"skip":true},"23":{"start":{"line":94,"column":20},"end":{"line":95,"column":45},"skip":true},"24":{"start":{"line":96,"column":20},"end":{"line":96,"column":42},"skip":true},"25":{"start":{"line":97,"column":20},"end":{"line":97,"column":48},"skip":true},"26":{"start":{"line":100,"column":20},"end":{"line":100,"column":85},"skip":true},"27":{"start":{"line":101,"column":20},"end":{"line":101,"column":96},"skip":true},"28":{"start":{"line":103,"column":16},"end":{"line":103,"column":22},"skip":true},"29":{"start":{"line":106,"column":16},"end":{"line":106,"column":22},"skip":true},"30":{"start":{"line":108,"column":12},"end":{"line":120,"column":13},"skip":true},"31":{"start":{"line":114,"column":16},"end":{"line":119,"column":17},"skip":true},"32":{"start":{"line":116,"column":20},"end":{"line":116,"column":78},"skip":true},"33":{"start":{"line":118,"column":20},"end":{"line":118,"column":47},"skip":true},"34":{"start":{"line":123,"column":8},"end":{"line":141,"column":11},"skip":true},"35":{"start":{"line":124,"column":12},"end":{"line":124,"column":54},"skip":true},"36":{"start":{"line":125,"column":12},"end":{"line":140,"column":14},"skip":true},"37":{"start":{"line":126,"column":16},"end":{"line":126,"column":28},"skip":true},"38":{"start":{"line":127,"column":16},"end":{"line":127,"column":69},"skip":true},"39":{"start":{"line":128,"column":16},"end":{"line":128,"column":75},"skip":true},"40":{"start":{"line":129,"column":16},"end":{"line":131,"column":17},"skip":true},"41":{"start":{"line":130,"column":20},"end":{"line":130,"column":27},"skip":true},"42":{"start":{"line":133,"column":16},"end":{"line":137,"column":36},"skip":true},"43":{"start":{"line":134,"column":20},"end":{"line":136,"column":55},"skip":true},"44":{"start":{"line":139,"column":16},"end":{"line":139,"column":57},"skip":true},"45":{"start":{"line":143,"column":8},"end":{"line":147,"column":11},"skip":true},"46":{"start":{"line":144,"column":12},"end":{"line":146,"column":15},"skip":true},"47":{"start":{"line":145,"column":16},"end":{"line":145,"column":70},"skip":true},"48":{"start":{"line":149,"column":8},"end":{"line":149,"column":31},"skip":true},"49":{"start":{"line":150,"column":8},"end":{"line":150,"column":14},"skip":true},"50":{"start":{"line":158,"column":8},"end":{"line":158,"column":31},"skip":true},"51":{"start":{"line":160,"column":8},"end":{"line":160,"column":33},"skip":true},"52":{"start":{"line":161,"column":8},"end":{"line":161,"column":37},"skip":true},"53":{"start":{"line":162,"column":8},"end":{"line":162,"column":35},"skip":true},"54":{"start":{"line":164,"column":8},"end":{"line":164,"column":50},"skip":true},"55":{"start":{"line":166,"column":8},"end":{"line":256,"column":2},"skip":true},"56":{"start":{"line":258,"column":8},"end":{"line":286,"column":9},"skip":true},"57":{"start":{"line":259,"column":12},"end":{"line":269,"column":14},"skip":true},"58":{"start":{"line":271,"column":12},"end":{"line":285,"column":19},"skip":true},"59":{"start":{"line":274,"column":20},"end":{"line":274,"column":35},"skip":true},"60":{"start":{"line":275,"column":20},"end":{"line":284,"column":21},"skip":true},"61":{"start":{"line":277,"column":24},"end":{"line":277,"column":64},"skip":true},"62":{"start":{"line":279,"column":24},"end":{"line":279,"column":40},"skip":true},"63":{"start":{"line":281,"column":24},"end":{"line":281,"column":40},"skip":true},"64":{"start":{"line":283,"column":24},"end":{"line":283,"column":39},"skip":true},"65":{"start":{"line":288,"column":8},"end":{"line":290,"column":9},"skip":true},"66":{"start":{"line":289,"column":12},"end":{"line":289,"column":18},"skip":true},"67":{"start":{"line":291,"column":8},"end":{"line":293,"column":54},"skip":true},"68":{"start":{"line":296,"column":8},"end":{"line":301,"column":37},"skip":true},"69":{"start":{"line":303,"column":8},"end":{"line":303,"column":82},"skip":true},"70":{"start":{"line":306,"column":8},"end":{"line":308,"column":9},"skip":true},"71":{"start":{"line":307,"column":12},"end":{"line":307,"column":82},"skip":true},"72":{"start":{"line":310,"column":8},"end":{"line":312,"column":9},"skip":true},"73":{"start":{"line":311,"column":12},"end":{"line":311,"column":18},"skip":true},"74":{"start":{"line":313,"column":8},"end":{"line":313,"column":54},"skip":true},"75":{"start":{"line":314,"column":8},"end":{"line":314,"column":69},"skip":true},"76":{"start":{"line":315,"column":8},"end":{"line":323,"column":36},"skip":true},"77":{"start":{"line":316,"column":12},"end":{"line":316,"column":61},"skip":true},"78":{"start":{"line":317,"column":12},"end":{"line":320,"column":13},"skip":true},"79":{"start":{"line":318,"column":16},"end":{"line":318,"column":75},"skip":true},"80":{"start":{"line":319,"column":16},"end":{"line":319,"column":23},"skip":true},"81":{"start":{"line":321,"column":12},"end":{"line":321,"column":38},"skip":true},"82":{"start":{"line":322,"column":12},"end":{"line":322,"column":27},"skip":true},"83":{"start":{"line":324,"column":8},"end":{"line":324,"column":14},"skip":true}},"branchMap":{"1":{"line":39,"type":"binary-expr","locations":[{"start":{"line":39,"column":23},"end":{"line":39,"column":62}},{"start":{"line":40,"column":20},"end":{"line":40,"column":70}},{"start":{"line":41,"column":20},"end":{"line":41,"column":71}},{"start":{"line":42,"column":20},"end":{"line":42,"column":29}}]},"2":{"line":44,"type":"binary-expr","locations":[{"start":{"line":44,"column":23},"end":{"line":44,"column":37}},{"start":{"line":45,"column":20},"end":{"line":45,"column":61}},{"start":{"line":46,"column":20},"end":{"line":46,"column":70}},{"start":{"line":47,"column":20},"end":{"line":47,"column":26}}]},"3":{"line":51,"type":"cond-expr","locations":[{"start":{"line":52,"column":14},"end":{"line":52,"column":20}},{"start":{"line":53,"column":14},"end":{"line":53,"column":20}}]},"4":{"line":55,"type":"binary-expr","locations":[{"start":{"line":55,"column":16},"end":{"line":55,"column":44}},{"start":{"line":55,"column":49},"end":{"line":57,"column":43}}]},"5":{"line":55,"type":"cond-expr","locations":[{"start":{"line":56,"column":14},"end":{"line":56,"column":59}},{"start":{"line":57,"column":14},"end":{"line":57,"column":43}}]},"6":{"line":61,"type":"switch","locations":[{"start":{"line":68,"column":4},"end":{"line":150,"column":14},"skip":true},{"start":{"line":156,"column":4},"end":{"line":324,"column":14},"skip":true}]},"7":{"line":70,"type":"if","locations":[{"start":{"line":70,"column":12},"end":{"line":70,"column":12},"skip":true},{"start":{"line":70,"column":12},"end":{"line":70,"column":12},"skip":true}]},"8":{"line":70,"type":"binary-expr","locations":[{"start":{"line":70,"column":16},"end":{"line":70,"column":22},"skip":true},{"start":{"line":70,"column":27},"end":{"line":70,"column":32},"skip":true},{"start":{"line":71,"column":20},"end":{"line":71,"column":39},"skip":true},{"start":{"line":72,"column":20},"end":{"line":72,"column":49},"skip":true},{"start":{"line":73,"column":20},"end":{"line":73,"column":58},"skip":true},{"start":{"line":74,"column":20},"end":{"line":74,"column":69},"skip":true}]},"9":{"line":79,"type":"switch","locations":[{"start":{"line":80,"column":20},"end":{"line":80,"column":33},"skip":true},{"start":{"line":81,"column":20},"end":{"line":83,"column":30},"skip":true},{"start":{"line":84,"column":20},"end":{"line":85,"column":49},"skip":true}]},"10":{"line":89,"type":"switch","locations":[{"start":{"line":90,"column":12},"end":{"line":103,"column":22},"skip":true},{"start":{"line":105,"column":12},"end":{"line":106,"column":22},"skip":true}]},"11":{"line":89,"type":"binary-expr","locations":[{"start":{"line":89,"column":20},"end":{"line":89,"column":25},"skip":true},{"start":{"line":89,"column":29},"end":{"line":89,"column":48},"skip":true},{"start":{"line":89,"column":52},"end":{"line":89,"column":74},"skip":true}]},"12":{"line":92,"type":"if","locations":[{"start":{"line":92,"column":16},"end":{"line":92,"column":16},"skip":true},{"start":{"line":92,"column":16},"end":{"line":92,"column":16},"skip":true}]},"13":{"line":108,"type":"if","locations":[{"start":{"line":108,"column":12},"end":{"line":108,"column":12},"skip":true},{"start":{"line":108,"column":12},"end":{"line":108,"column":12},"skip":true}]},"14":{"line":108,"type":"binary-expr","locations":[{"start":{"line":108,"column":16},"end":{"line":108,"column":61},"skip":true},{"start":{"line":108,"column":66},"end":{"line":108,"column":72},"skip":true},{"start":{"line":108,"column":77},"end":{"line":108,"column":82},"skip":true},{"start":{"line":109,"column":20},"end":{"line":109,"column":39},"skip":true},{"start":{"line":110,"column":20},"end":{"line":110,"column":49},"skip":true},{"start":{"line":111,"column":20},"end":{"line":111,"column":58},"skip":true},{"start":{"line":112,"column":20},"end":{"line":112,"column":68},"skip":true}]},"15":{"line":129,"type":"if","locations":[{"start":{"line":129,"column":16},"end":{"line":129,"column":16},"skip":true},{"start":{"line":129,"column":16},"end":{"line":129,"column":16},"skip":true}]},"16":{"line":134,"type":"cond-expr","locations":[{"start":{"line":135,"column":26},"end":{"line":135,"column":29},"skip":true},{"start":{"line":136,"column":26},"end":{"line":136,"column":54},"skip":true}]},"17":{"line":164,"type":"binary-expr","locations":[{"start":{"line":164,"column":27},"end":{"line":164,"column":43},"skip":true},{"start":{"line":164,"column":47},"end":{"line":164,"column":49},"skip":true}]},"18":{"line":258,"type":"if","locations":[{"start":{"line":258,"column":8},"end":{"line":258,"column":8},"skip":true},{"start":{"line":258,"column":8},"end":{"line":258,"column":8},"skip":true}]},"19":{"line":275,"type":"switch","locations":[{"start":{"line":276,"column":20},"end":{"line":277,"column":64},"skip":true},{"start":{"line":278,"column":20},"end":{"line":279,"column":40},"skip":true},{"start":{"line":280,"column":20},"end":{"line":281,"column":40},"skip":true},{"start":{"line":282,"column":20},"end":{"line":283,"column":39},"skip":true}]},"20":{"line":288,"type":"if","locations":[{"start":{"line":288,"column":8},"end":{"line":288,"column":8},"skip":true},{"start":{"line":288,"column":8},"end":{"line":288,"column":8},"skip":true}]},"21":{"line":288,"type":"binary-expr","locations":[{"start":{"line":288,"column":12},"end":{"line":288,"column":40},"skip":true},{"start":{"line":288,"column":44},"end":{"line":288,"column":67},"skip":true}]},"22":{"line":292,"type":"binary-expr","locations":[{"start":{"line":292,"column":12},"end":{"line":292,"column":50},"skip":true},{"start":{"line":293,"column":12},"end":{"line":293,"column":53},"skip":true}]},"23":{"line":297,"type":"binary-expr","locations":[{"start":{"line":297,"column":12},"end":{"line":297,"column":73},"skip":true},{"start":{"line":298,"column":12},"end":{"line":301,"column":36},"skip":true}]},"24":{"line":303,"type":"binary-expr","locations":[{"start":{"line":303,"column":43},"end":{"line":303,"column":75},"skip":true},{"start":{"line":303,"column":79},"end":{"line":303,"column":81},"skip":true}]},"25":{"line":306,"type":"if","locations":[{"start":{"line":306,"column":8},"end":{"line":306,"column":8},"skip":true},{"start":{"line":306,"column":8},"end":{"line":306,"column":8},"skip":true}]},"26":{"line":310,"type":"if","locations":[{"start":{"line":310,"column":8},"end":{"line":310,"column":8},"skip":true},{"start":{"line":310,"column":8},"end":{"line":310,"column":8},"skip":true}]},"27":{"line":313,"type":"binary-expr","locations":[{"start":{"line":313,"column":27},"end":{"line":313,"column":43},"skip":true},{"start":{"line":313,"column":47},"end":{"line":313,"column":53},"skip":true}]},"28":{"line":317,"type":"if","locations":[{"start":{"line":317,"column":12},"end":{"line":317,"column":12},"skip":true},{"start":{"line":317,"column":12},"end":{"line":317,"column":12},"skip":true}]}},"code":["/*","example.js","","quickstart example","","instruction","    1. save this script as example.js","    2. run the shell command:","        $ npm install npmtest-email-addresses && PORT=8081 node example.js","    3. play with the browser-demo on http://127.0.0.1:8081","*/","","","","/* istanbul instrument in package npmtest_email_addresses */","/*jslint","    bitwise: true,","    browser: true,","    maxerr: 8,","    maxlen: 96,","    node: true,","    nomen: true,","    regexp: true,","    stupid: true","*/","(function () {","    'use strict';","    var local;","","","","    // run shared js-env code - pre-init","    (function () {","        // init local","        local = {};","        // init modeJs","        local.modeJs = (function () {","            try {","                return typeof navigator.userAgent === 'string' &&","                    typeof document.querySelector('body') === 'object' &&","                    typeof XMLHttpRequest.prototype.open === 'function' &&","                    'browser';","            } catch (errorCaughtBrowser) {","                return module.exports &&","                    typeof process.versions.node === 'string' &&","                    typeof require('http').createServer === 'function' &&","                    'node';","            }","        }());","        // init global","        local.global = local.modeJs === 'browser'","            ? window","            : global;","        // init utility2_rollup","        local = local.global.utility2_rollup || (local.modeJs === 'browser'","            ? local.global.utility2_npmtest_email_addresses","            : global.utility2_moduleExports);","        // export local","        local.global.local = local;","    }());","    switch (local.modeJs) {","","","","    // post-init","    // run browser js-env code - post-init","    /* istanbul ignore next */","    case 'browser':","        local.testRunBrowser = function (event) {","            if (!event || (event &&","                    event.currentTarget &&","                    event.currentTarget.className &&","                    event.currentTarget.className.includes &&","                    event.currentTarget.className.includes('onreset'))) {","                // reset output","                Array.from(","                    document.querySelectorAll('body > .resettable')","                ).forEach(function (element) {","                    switch (element.tagName) {","                    case 'INPUT':","                    case 'TEXTAREA':","                        element.value = '';","                        break;","                    default:","                        element.textContent = '';","                    }","                });","            }","            switch (event && event.currentTarget && event.currentTarget.id) {","            case 'testRunButton1':","                // show tests","                if (document.querySelector('#testReportDiv1').style.display === 'none') {","                    document.querySelector('#testReportDiv1').style.display = 'block';","                    document.querySelector('#testRunButton1').textContent =","                        'hide internal test';","                    local.modeTest = true;","                    local.testRunDefault(local);","                // hide tests","                } else {","                    document.querySelector('#testReportDiv1').style.display = 'none';","                    document.querySelector('#testRunButton1').textContent = 'run internal test';","                }","                break;","            // custom-case","            default:","                break;","            }","            if (document.querySelector('#inputTextareaEval1') && (!event || (event &&","                    event.currentTarget &&","                    event.currentTarget.className &&","                    event.currentTarget.className.includes &&","                    event.currentTarget.className.includes('oneval')))) {","                // try to eval input-code","                try {","                    /*jslint evil: true*/","                    eval(document.querySelector('#inputTextareaEval1').value);","                } catch (errorCaught) {","                    console.error(errorCaught);","                }","            }","        };","        // log stderr and stdout to #outputTextareaStdout1","        ['error', 'log'].forEach(function (key) {","            console[key + '_original'] = console[key];","            console[key] = function () {","                var element;","                console[key + '_original'].apply(console, arguments);","                element = document.querySelector('#outputTextareaStdout1');","                if (!element) {","                    return;","                }","                // append text to #outputTextareaStdout1","                element.value += Array.from(arguments).map(function (arg) {","                    return typeof arg === 'string'","                        ? arg","                        : JSON.stringify(arg, null, 4);","                }).join(' ') + '\\n';","                // scroll textarea to bottom","                element.scrollTop = element.scrollHeight;","            };","        });","        // init event-handling","        ['change', 'click', 'keyup'].forEach(function (event) {","            Array.from(document.querySelectorAll('.on' + event)).forEach(function (element) {","                element.addEventListener(event, local.testRunBrowser);","            });","        });","        // run tests","        local.testRunBrowser();","        break;","","","","    // run node js-env code - post-init","    /* istanbul ignore next */","    case 'node':","        // export local","        module.exports = local;","        // require modules","        local.fs = require('fs');","        local.http = require('http');","        local.url = require('url');","        // init assets","        local.assetsDict = local.assetsDict || {};","        /* jslint-ignore-begin */","        local.assetsDict['/assets.index.template.html'] = '\\","<!doctype html>\\n\\","<html lang=\"en\">\\n\\","<head>\\n\\","<meta charset=\"UTF-8\">\\n\\","<meta name=\"viewport\" content=\"width=device-width, initial-scale=1\">\\n\\","<title>{{env.npm_package_name}} (v{{env.npm_package_version}})</title>\\n\\","<style>\\n\\","/*csslint\\n\\","    box-sizing: false,\\n\\","    universal-selector: false\\n\\","*/\\n\\","* {\\n\\","    box-sizing: border-box;\\n\\","}\\n\\","body {\\n\\","    background: #dde;\\n\\","    font-family: Arial, Helvetica, sans-serif;\\n\\","    margin: 2rem;\\n\\","}\\n\\","body > * {\\n\\","    margin-bottom: 1rem;\\n\\","}\\n\\",".utility2FooterDiv {\\n\\","    margin-top: 20px;\\n\\","    text-align: center;\\n\\","}\\n\\","</style>\\n\\","<style>\\n\\","/*csslint\\n\\","*/\\n\\","textarea {\\n\\","    font-family: monospace;\\n\\","    height: 10rem;\\n\\","    width: 100%;\\n\\","}\\n\\","textarea[readonly] {\\n\\","    background: #ddd;\\n\\","}\\n\\","</style>\\n\\","</head>\\n\\","<body>\\n\\","<!-- utility2-comment\\n\\","<div id=\"ajaxProgressDiv1\" style=\"background: #d00; height: 2px; left: 0; margin: 0; padding: 0; position: fixed; top: 0; transition: background 0.5s, width 1.5s; width: 25%;\"></div>\\n\\","utility2-comment -->\\n\\","<h1>\\n\\","<!-- utility2-comment\\n\\","    <a\\n\\","        {{#if env.npm_package_homepage}}\\n\\","        href=\"{{env.npm_package_homepage}}\"\\n\\","        {{/if env.npm_package_homepage}}\\n\\","        target=\"_blank\"\\n\\","    >\\n\\","utility2-comment -->\\n\\","        {{env.npm_package_name}} (v{{env.npm_package_version}})\\n\\","<!-- utility2-comment\\n\\","    </a>\\n\\","utility2-comment -->\\n\\","</h1>\\n\\","<h3>{{env.npm_package_description}}</h3>\\n\\","<!-- utility2-comment\\n\\","<h4><a download href=\"assets.app.js\">download standalone app</a></h4>\\n\\","<button class=\"onclick onreset\" id=\"testRunButton1\">run internal test</button><br>\\n\\","<div id=\"testReportDiv1\" style=\"display: none;\"></div>\\n\\","utility2-comment -->\\n\\","\\n\\","\\n\\","\\n\\","<label>stderr and stdout</label>\\n\\","<textarea class=\"resettable\" id=\"outputTextareaStdout1\" readonly></textarea>\\n\\","<!-- utility2-comment\\n\\","{{#if isRollup}}\\n\\","<script src=\"assets.app.js\"></script>\\n\\","{{#unless isRollup}}\\n\\","utility2-comment -->\\n\\","<script src=\"assets.utility2.rollup.js\"></script>\\n\\","<script src=\"jsonp.utility2._stateInit?callback=window.utility2._stateInit\"></script>\\n\\","<script src=\"assets.npmtest_email_addresses.rollup.js\"></script>\\n\\","<script src=\"assets.example.js\"></script>\\n\\","<script src=\"assets.test.js\"></script>\\n\\","<!-- utility2-comment\\n\\","{{/if isRollup}}\\n\\","utility2-comment -->\\n\\","<div class=\"utility2FooterDiv\">\\n\\","    [ this app was created with\\n\\","    <a href=\"https://github.com/kaizhu256/node-utility2\" target=\"_blank\">utility2</a>\\n\\","    ]\\n\\","</div>\\n\\","</body>\\n\\","</html>\\n\\","';","        /* jslint-ignore-end */","        if (local.templateRender) {","            local.assetsDict['/'] = local.templateRender(","                local.assetsDict['/assets.index.template.html'],","                {","                    env: local.objectSetDefault(local.env, {","                        npm_package_description: 'the greatest app in the world!',","                        npm_package_name: 'my-app',","                        npm_package_nameAlias: 'my_app',","                        npm_package_version: '0.0.1'","                    })","                }","            );","        } else {","            local.assetsDict['/'] = local.assetsDict['/assets.index.template.html']","                .replace((/\\{\\{env\\.(\\w+?)\\}\\}/g), function (match0, match1) {","                    // jslint-hack","                    String(match0);","                    switch (match1) {","                    case 'npm_package_description':","                        return 'the greatest app in the world!';","                    case 'npm_package_name':","                        return 'my-app';","                    case 'npm_package_nameAlias':","                        return 'my_app';","                    case 'npm_package_version':","                        return '0.0.1';","                    }","                });","        }","        // run the cli","        if (local.global.utility2_rollup || module !== require.main) {","            break;","        }","        local.assetsDict['/assets.example.js'] =","            local.assetsDict['/assets.example.js'] ||","            local.fs.readFileSync(__filename, 'utf8');","        // bug-workaround - long $npm_package_buildCustomOrg","        /* jslint-ignore-begin */","        local.assetsDict['/assets.npmtest_email_addresses.rollup.js'] =","            local.assetsDict['/assets.npmtest_email_addresses.rollup.js'] ||","            local.fs.readFileSync(","                local.npmtest_email_addresses.__dirname + '/lib.npmtest_email_addresses.js',","                'utf8'","            ).replace((/^#!/), '//');","        /* jslint-ignore-end */","        local.assetsDict['/favicon.ico'] = local.assetsDict['/favicon.ico'] || '';","        // if $npm_config_timeout_exit exists,","        // then exit this process after $npm_config_timeout_exit ms","        if (Number(process.env.npm_config_timeout_exit)) {","            setTimeout(process.exit, Number(process.env.npm_config_timeout_exit));","        }","        // start server","        if (local.global.utility2_serverHttp1) {","            break;","        }","        process.env.PORT = process.env.PORT || '8081';","        console.error('server starting on port ' + process.env.PORT);","        local.http.createServer(function (request, response) {","            request.urlParsed = local.url.parse(request.url);","            if (local.assetsDict[request.urlParsed.pathname] !== undefined) {","                response.end(local.assetsDict[request.urlParsed.pathname]);","                return;","            }","            response.statusCode = 404;","            response.end();","        }).listen(process.env.PORT);","        break;","    }","}());",""],"l":{"26":2,"28":2,"33":2,"35":2,"37":2,"38":2,"39":2,"44":1,"51":2,"55":2,"59":2,"61":2,"69":1,"70":2,"76":2,"79":2,"82":2,"83":2,"85":1,"89":2,"92":1,"93":1,"94":1,"96":1,"97":1,"100":1,"101":1,"103":1,"106":1,"108":2,"114":1,"116":1,"118":1,"123":1,"124":2,"125":2,"126":3,"127":3,"128":3,"129":3,"130":1,"133":3,"134":3,"139":3,"143":1,"144":3,"145":1,"149":1,"150":1,"158":1,"160":1,"161":1,"162":1,"164":1,"166":1,"258":1,"259":1,"271":1,"274":6,"275":6,"277":1,"279":2,"281":1,"283":2,"288":1,"289":1,"291":1,"296":1,"303":1,"306":1,"307":1,"310":1,"311":1,"313":1,"314":1,"315":1,"316":1,"317":1,"318":1,"319":1,"321":1,"322":1,"324":1}},"/home/travis/build/npmtest/node-npmtest-email-addresses/node_modules/email-addresses/lib/email-addresses.js":{"path":"/home/travis/build/npmtest/node-npmtest-email-addresses/node_modules/email-addresses/lib/email-addresses.js","s":{"1":1,"2":1,"3":1,"4":0,"5":1,"6":0,"7":1,"8":0,"9":1,"10":0,"11":1,"12":0,"13":1,"14":0,"15":0,"16":1,"17":0,"18":1,"19":0,"20":0,"21":0,"22":0,"23":0,"24":0,"25":0,"26":0,"27":1,"28":0,"29":0,"30":0,"31":0,"32":0,"33":1,"34":0,"35":0,"36":0,"37":0,"38":0,"39":0,"40":0,"41":0,"42":1,"43":0,"44":0,"45":0,"46":1,"47":0,"48":0,"49":0,"50":0,"51":0,"52":0,"53":0,"54":0,"55":0,"56":0,"57":0,"58":0,"59":1,"60":0,"61":0,"62":0,"63":0,"64":0,"65":0,"66":0,"67":0,"68":0,"69":0,"70":1,"71":0,"72":0,"73":0,"74":0,"75":0,"76":0,"77":0,"78":0,"79":1,"80":0,"81":0,"82":0,"83":0,"84":0,"85":1,"86":0,"87":0,"88":0,"89":0,"90":0,"91":1,"92":0,"93":0,"94":0,"95":0,"96":0,"97":0,"98":0,"99":0,"100":0,"101":0,"102":0,"103":0,"104":0,"105":1,"106":1,"107":0,"108":0,"109":0,"110":0,"111":0,"112":0,"113":0,"114":0,"115":0,"116":0,"117":0,"118":1,"119":0,"120":1,"121":0,"122":1,"123":0,"124":1,"125":0,"126":1,"127":0,"128":1,"129":0,"130":1,"131":0,"132":1,"133":0,"134":0,"135":0,"136":0,"137":0,"138":0,"139":1,"140":0,"141":1,"142":0,"143":0,"144":0,"145":0,"146":0,"147":1,"148":0,"149":1,"150":0,"151":0,"152":0,"153":0,"154":0,"155":0,"156":0,"157":1,"158":0,"159":1,"160":0,"161":1,"162":0,"163":1,"164":0,"165":0,"166":0,"167":0,"168":0,"169":1,"170":0,"171":1,"172":0,"173":0,"174":0,"175":0,"176":0,"177":0,"178":0,"179":0,"180":1,"181":0,"182":1,"183":0,"184":0,"185":0,"186":0,"187":0,"188":0,"189":0,"190":1,"191":0,"192":1,"193":0,"194":1,"195":0,"196":1,"197":0,"198":1,"199":0,"200":1,"201":0,"202":1,"203":0,"204":1,"205":0,"206":1,"207":0,"208":1,"209":0,"210":0,"211":0,"212":0,"213":0,"214":1,"215":0,"216":1,"217":0,"218":1,"219":0,"220":1,"221":0,"222":1,"223":0,"224":0,"225":0,"226":0,"227":0,"228":0,"229":0,"230":1,"231":0,"232":1,"233":0,"234":0,"235":0,"236":0,"237":0,"238":0,"239":1,"240":0,"241":1,"242":0,"243":0,"244":0,"245":1,"246":0,"247":1,"248":0,"249":1,"250":0,"251":1,"252":0,"253":1,"254":0,"255":1,"256":0,"257":1,"258":0,"259":1,"260":0,"261":1,"262":0,"263":1,"264":0,"265":1,"266":0,"267":1,"268":0,"269":1,"270":0,"271":1,"272":0,"273":1,"274":0,"275":0,"276":0,"277":0,"278":0,"279":0,"280":0,"281":0,"282":0,"283":0,"284":0,"285":1,"286":0,"287":0,"288":0,"289":0,"290":0,"291":0,"292":0,"293":0,"294":0,"295":0,"296":0,"297":0,"298":1,"299":1,"300":0,"301":0,"302":0,"303":0,"304":0,"305":0,"306":0,"307":0,"308":0,"309":0,"310":0,"311":0,"312":0,"313":0,"314":0,"315":0,"316":0,"317":0,"318":0,"319":0,"320":0,"321":0,"322":0,"323":0,"324":0,"325":0,"326":0,"327":0,"328":0,"329":0,"330":0,"331":0,"332":0,"333":0,"334":0,"335":0,"336":1,"337":0,"338":0,"339":0,"340":0,"341":0,"342":0,"343":0,"344":0,"345":1,"346":0,"347":0,"348":0,"349":0,"350":0,"351":0,"352":1,"353":1,"354":0,"355":1,"356":0,"357":1,"358":0,"359":0,"360":0,"361":0,"362":0,"363":0,"364":0,"365":0,"366":0,"367":0,"368":0,"369":0,"370":0,"371":0,"372":0,"373":0,"374":1,"375":1,"376":1,"377":1,"378":0},"b":{"1":[0,0],"2":[0,0],"3":[0,0],"4":[0,0],"5":[0,0],"6":[0,0],"7":[0,0],"8":[0,0],"9":[0,0],"10":[0,0],"11":[0,0],"12":[0,0],"13":[0,0],"14":[0,0],"15":[0,0,0,0],"16":[0,0],"17":[0,0],"18":[0,0],"19":[0,0],"20":[0,0],"21":[0,0],"22":[0,0],"23":[0,0],"24":[0,0,0,0,0,0],"25":[0,0],"26":[0,0],"27":[0,0,0,0,0,0,0],"28":[0,0],"29":[0,0],"30":[0,0],"31":[0,0],"32":[0,0,0,0,0],"33":[0,0],"34":[0,0],"35":[0,0],"36":[0,0,0,0],"37":[0,0],"38":[0,0],"39":[0,0],"40":[0,0],"41":[0,0],"42":[0,0,0,0,0,0,0],"43":[0,0],"44":[0,0],"45":[0,0],"46":[0,0],"47":[0,0],"48":[0,0],"49":[0,0],"50":[0,0],"51":[0,0],"52":[0,0],"53":[0,0],"54":[0,0],"55":[0,0],"56":[0,0],"57":[0,0],"58":[0,0],"59":[0,0],"60":[0,0],"61":[0,0],"62":[0,0],"63":[0,0],"64":[0,0],"65":[0,0],"66":[0,0],"67":[0,0],"68":[0,0],"69":[0,0],"70":[0,0],"71":[0,0],"72":[0,0],"73":[0,0],"74":[0,0,0,0,0,0],"75":[0,0],"76":[0,0],"77":[0,0,0],"78":[0,0],"79":[0,0],"80":[0,0],"81":[0,0],"82":[0,0],"83":[0,0],"84":[0,0],"85":[0,0],"86":[0,0],"87":[1,0],"88":[1,1]},"f":{"1":1,"2":0,"3":0,"4":0,"5":0,"6":0,"7":0,"8":0,"9":0,"10":0,"11":0,"12":0,"13":0,"14":0,"15":0,"16":0,"17":0,"18":0,"19":0,"20":0,"21":0,"22":0,"23":0,"24":0,"25":0,"26":0,"27":0,"28":0,"29":0,"30":0,"31":0,"32":0,"33":0,"34":0,"35":0,"36":0,"37":0,"38":0,"39":0,"40":0,"41":0,"42":0,"43":0,"44":0,"45":0,"46":0,"47":0,"48":0,"49":0,"50":0,"51":0,"52":0,"53":0,"54":0,"55":0,"56":0,"57":0,"58":0,"59":0,"60":0,"61":0,"62":0,"63":0,"64":0,"65":0,"66":0,"67":0,"68":0,"69":0,"70":0,"71":0,"72":0,"73":0,"74":0,"75":0,"76":0,"77":0,"78":0,"79":0,"80":0,"81":0,"82":0,"83":0,"84":0,"85":0,"86":0,"87":0,"88":0,"89":0,"90":0,"91":0,"92":0,"93":0,"94":0,"95":0,"96":0,"97":0,"98":0,"99":0,"100":0,"101":0,"102":0,"103":0},"fnMap":{"1":{"name":"(anonymous_1)","line":28,"loc":{"start":{"line":28,"column":1},"end":{"line":28,"column":19}}},"2":{"name":"parse5322","line":31,"loc":{"start":{"line":31,"column":0},"end":{"line":31,"column":25}}},"3":{"name":"inStr","line":35,"loc":{"start":{"line":35,"column":4},"end":{"line":35,"column":21}}},"4":{"name":"curTok","line":36,"loc":{"start":{"line":36,"column":4},"end":{"line":36,"column":22}}},"5":{"name":"getPos","line":37,"loc":{"start":{"line":37,"column":4},"end":{"line":37,"column":22}}},"6":{"name":"setPos","line":38,"loc":{"start":{"line":38,"column":4},"end":{"line":38,"column":23}}},"7":{"name":"nextTok","line":39,"loc":{"start":{"line":39,"column":4},"end":{"line":39,"column":23}}},"8":{"name":"initialize","line":40,"loc":{"start":{"line":40,"column":4},"end":{"line":40,"column":26}}},"9":{"name":"o","line":47,"loc":{"start":{"line":47,"column":4},"end":{"line":47,"column":28}}},"10":{"name":"wrap","line":56,"loc":{"start":{"line":56,"column":4},"end":{"line":56,"column":29}}},"11":{"name":"add","line":66,"loc":{"start":{"line":66,"column":4},"end":{"line":66,"column":32}}},"12":{"name":"compareToken","line":75,"loc":{"start":{"line":75,"column":4},"end":{"line":75,"column":38}}},"13":{"name":"literal","line":86,"loc":{"start":{"line":86,"column":4},"end":{"line":86,"column":26}}},"14":{"name":"literalFunc","line":87,"loc":{"start":{"line":87,"column":15},"end":{"line":87,"column":38}}},"15":{"name":"(anonymous_15)","line":88,"loc":{"start":{"line":88,"column":48},"end":{"line":88,"column":63}}},"16":{"name":"and","line":94,"loc":{"start":{"line":94,"column":4},"end":{"line":94,"column":19}}},"17":{"name":"andFunc","line":96,"loc":{"start":{"line":96,"column":15},"end":{"line":96,"column":34}}},"18":{"name":"or","line":112,"loc":{"start":{"line":112,"column":4},"end":{"line":112,"column":18}}},"19":{"name":"orFunc","line":114,"loc":{"start":{"line":114,"column":15},"end":{"line":114,"column":33}}},"20":{"name":"opt","line":128,"loc":{"start":{"line":128,"column":4},"end":{"line":128,"column":23}}},"21":{"name":"optFunc","line":129,"loc":{"start":{"line":129,"column":15},"end":{"line":129,"column":34}}},"22":{"name":"invis","line":143,"loc":{"start":{"line":143,"column":4},"end":{"line":143,"column":25}}},"23":{"name":"invisFunc","line":144,"loc":{"start":{"line":144,"column":15},"end":{"line":144,"column":36}}},"24":{"name":"colwsp","line":153,"loc":{"start":{"line":153,"column":4},"end":{"line":153,"column":26}}},"25":{"name":"collapseSemanticWhitespace","line":154,"loc":{"start":{"line":154,"column":15},"end":{"line":154,"column":53}}},"26":{"name":"star","line":163,"loc":{"start":{"line":163,"column":4},"end":{"line":163,"column":33}}},"27":{"name":"starFunc","line":164,"loc":{"start":{"line":164,"column":15},"end":{"line":164,"column":35}}},"28":{"name":"collapseWhitespace","line":188,"loc":{"start":{"line":188,"column":4},"end":{"line":188,"column":35}}},"29":{"name":"isWhitespace","line":189,"loc":{"start":{"line":189,"column":8},"end":{"line":189,"column":33}}},"30":{"name":"isUTF8NonAscii","line":226,"loc":{"start":{"line":226,"column":4},"end":{"line":226,"column":33}}},"31":{"name":"cr","line":240,"loc":{"start":{"line":240,"column":4},"end":{"line":240,"column":18}}},"32":{"name":"crlf","line":244,"loc":{"start":{"line":244,"column":4},"end":{"line":244,"column":20}}},"33":{"name":"dquote","line":248,"loc":{"start":{"line":248,"column":4},"end":{"line":248,"column":22}}},"34":{"name":"htab","line":252,"loc":{"start":{"line":252,"column":4},"end":{"line":252,"column":20}}},"35":{"name":"lf","line":256,"loc":{"start":{"line":256,"column":4},"end":{"line":256,"column":18}}},"36":{"name":"sp","line":259,"loc":{"start":{"line":259,"column":4},"end":{"line":259,"column":18}}},"37":{"name":"vchar","line":263,"loc":{"start":{"line":263,"column":4},"end":{"line":263,"column":21}}},"38":{"name":"vcharFunc","line":264,"loc":{"start":{"line":264,"column":42},"end":{"line":264,"column":66}}},"39":{"name":"wsp","line":276,"loc":{"start":{"line":276,"column":4},"end":{"line":276,"column":19}}},"40":{"name":"quotedPair","line":284,"loc":{"start":{"line":284,"column":4},"end":{"line":284,"column":26}}},"41":{"name":"fws","line":300,"loc":{"start":{"line":300,"column":4},"end":{"line":300,"column":19}}},"42":{"name":"ctext","line":317,"loc":{"start":{"line":317,"column":4},"end":{"line":317,"column":21}}},"43":{"name":"ctextFunc1","line":319,"loc":{"start":{"line":319,"column":12},"end":{"line":319,"column":34}}},"44":{"name":"ctextFunc2","line":320,"loc":{"start":{"line":320,"column":36},"end":{"line":320,"column":61}}},"45":{"name":"ccontent","line":337,"loc":{"start":{"line":337,"column":4},"end":{"line":337,"column":24}}},"46":{"name":"comment","line":342,"loc":{"start":{"line":342,"column":4},"end":{"line":342,"column":23}}},"47":{"name":"cfws","line":352,"loc":{"start":{"line":352,"column":4},"end":{"line":352,"column":20}}},"48":{"name":"atext","line":378,"loc":{"start":{"line":378,"column":4},"end":{"line":378,"column":21}}},"49":{"name":"atextFunc","line":379,"loc":{"start":{"line":379,"column":42},"end":{"line":379,"column":66}}},"50":{"name":"atom","line":394,"loc":{"start":{"line":394,"column":4},"end":{"line":394,"column":20}}},"51":{"name":"dotAtomText","line":399,"loc":{"start":{"line":399,"column":4},"end":{"line":399,"column":27}}},"52":{"name":"dotAtom","line":411,"loc":{"start":{"line":411,"column":4},"end":{"line":411,"column":23}}},"53":{"name":"qtext","line":421,"loc":{"start":{"line":421,"column":4},"end":{"line":421,"column":21}}},"54":{"name":"qtextFunc1","line":423,"loc":{"start":{"line":423,"column":12},"end":{"line":423,"column":34}}},"55":{"name":"qtextFunc2","line":424,"loc":{"start":{"line":424,"column":36},"end":{"line":424,"column":61}}},"56":{"name":"qcontent","line":441,"loc":{"start":{"line":441,"column":4},"end":{"line":441,"column":24}}},"57":{"name":"quotedString","line":448,"loc":{"start":{"line":448,"column":4},"end":{"line":448,"column":28}}},"58":{"name":"word","line":459,"loc":{"start":{"line":459,"column":4},"end":{"line":459,"column":20}}},"59":{"name":"phrase","line":464,"loc":{"start":{"line":464,"column":4},"end":{"line":464,"column":22}}},"60":{"name":"address","line":470,"loc":{"start":{"line":470,"column":4},"end":{"line":470,"column":23}}},"61":{"name":"mailbox","line":475,"loc":{"start":{"line":475,"column":4},"end":{"line":475,"column":23}}},"62":{"name":"nameAddr","line":480,"loc":{"start":{"line":480,"column":4},"end":{"line":480,"column":24}}},"63":{"name":"angleAddr","line":486,"loc":{"start":{"line":486,"column":4},"end":{"line":486,"column":25}}},"64":{"name":"group","line":500,"loc":{"start":{"line":500,"column":4},"end":{"line":500,"column":21}}},"65":{"name":"displayName","line":511,"loc":{"start":{"line":511,"column":4},"end":{"line":511,"column":27}}},"66":{"name":"phraseFixedSemantic","line":512,"loc":{"start":{"line":512,"column":36},"end":{"line":512,"column":67}}},"67":{"name":"mailboxList","line":522,"loc":{"start":{"line":522,"column":4},"end":{"line":522,"column":27}}},"68":{"name":"addressList","line":533,"loc":{"start":{"line":533,"column":4},"end":{"line":533,"column":27}}},"69":{"name":"groupList","line":544,"loc":{"start":{"line":544,"column":4},"end":{"line":544,"column":25}}},"70":{"name":"localPart","line":555,"loc":{"start":{"line":555,"column":4},"end":{"line":555,"column":25}}},"71":{"name":"dtext","line":564,"loc":{"start":{"line":564,"column":4},"end":{"line":564,"column":21}}},"72":{"name":"dtextFunc1","line":566,"loc":{"start":{"line":566,"column":12},"end":{"line":566,"column":34}}},"73":{"name":"dtextFunc2","line":567,"loc":{"start":{"line":567,"column":36},"end":{"line":567,"column":61}}},"74":{"name":"domainLiteral","line":584,"loc":{"start":{"line":584,"column":4},"end":{"line":584,"column":29}}},"75":{"name":"domain","line":596,"loc":{"start":{"line":596,"column":4},"end":{"line":596,"column":22}}},"76":{"name":"domainCheckTLD","line":597,"loc":{"start":{"line":597,"column":30},"end":{"line":597,"column":56}}},"77":{"name":"addrSpec","line":609,"loc":{"start":{"line":609,"column":4},"end":{"line":609,"column":24}}},"78":{"name":"obsNoWsCtl","line":622,"loc":{"start":{"line":622,"column":4},"end":{"line":622,"column":26}}},"79":{"name":"(anonymous_79)","line":623,"loc":{"start":{"line":623,"column":71},"end":{"line":623,"column":86}}},"80":{"name":"obsCtext","line":633,"loc":{"start":{"line":633,"column":4},"end":{"line":633,"column":24}}},"81":{"name":"obsQtext","line":636,"loc":{"start":{"line":636,"column":4},"end":{"line":636,"column":24}}},"82":{"name":"obsQP","line":639,"loc":{"start":{"line":639,"column":4},"end":{"line":639,"column":21}}},"83":{"name":"obsPhrase","line":647,"loc":{"start":{"line":647,"column":4},"end":{"line":647,"column":25}}},"84":{"name":"obsFws","line":658,"loc":{"start":{"line":658,"column":4},"end":{"line":658,"column":22}}},"85":{"name":"obsAngleAddr","line":668,"loc":{"start":{"line":668,"column":4},"end":{"line":668,"column":28}}},"86":{"name":"obsRoute","line":680,"loc":{"start":{"line":680,"column":4},"end":{"line":680,"column":24}}},"87":{"name":"obsDomainList","line":689,"loc":{"start":{"line":689,"column":4},"end":{"line":689,"column":29}}},"88":{"name":"obsMboxList","line":703,"loc":{"start":{"line":703,"column":4},"end":{"line":703,"column":27}}},"89":{"name":"obsAddrList","line":721,"loc":{"start":{"line":721,"column":4},"end":{"line":721,"column":27}}},"90":{"name":"obsGroupList","line":739,"loc":{"start":{"line":739,"column":4},"end":{"line":739,"column":28}}},"91":{"name":"obsLocalPart","line":750,"loc":{"start":{"line":750,"column":4},"end":{"line":750,"column":28}}},"92":{"name":"obsDomain","line":755,"loc":{"start":{"line":755,"column":4},"end":{"line":755,"column":25}}},"93":{"name":"obsDtext","line":760,"loc":{"start":{"line":760,"column":4},"end":{"line":760,"column":24}}},"94":{"name":"findNode","line":768,"loc":{"start":{"line":768,"column":4},"end":{"line":768,"column":34}}},"95":{"name":"findAllNodes","line":784,"loc":{"start":{"line":784,"column":4},"end":{"line":784,"column":38}}},"96":{"name":"giveResult","line":801,"loc":{"start":{"line":801,"column":4},"end":{"line":801,"column":29}}},"97":{"name":"grabSemantic","line":802,"loc":{"start":{"line":802,"column":8},"end":{"line":802,"column":33}}},"98":{"name":"parseOneAddressSimple","line":867,"loc":{"start":{"line":867,"column":0},"end":{"line":867,"column":37}}},"99":{"name":"parseAddressListSimple","line":890,"loc":{"start":{"line":890,"column":0},"end":{"line":890,"column":38}}},"100":{"name":"handleOpts","line":904,"loc":{"start":{"line":904,"column":0},"end":{"line":904,"column":32}}},"101":{"name":"isString","line":905,"loc":{"start":{"line":905,"column":4},"end":{"line":905,"column":27}}},"102":{"name":"isObject","line":909,"loc":{"start":{"line":909,"column":4},"end":{"line":909,"column":25}}},"103":{"name":"isNullUndef","line":913,"loc":{"start":{"line":913,"column":4},"end":{"line":913,"column":28}}}},"statementMap":{"1":{"start":{"line":28,"column":0},"end":{"line":954,"column":9}},"2":{"start":{"line":31,"column":0},"end":{"line":865,"column":1}},"3":{"start":{"line":35,"column":4},"end":{"line":35,"column":42}},"4":{"start":{"line":35,"column":23},"end":{"line":35,"column":40}},"5":{"start":{"line":36,"column":4},"end":{"line":36,"column":50}},"6":{"start":{"line":36,"column":24},"end":{"line":36,"column":48}},"7":{"start":{"line":37,"column":4},"end":{"line":37,"column":37}},"8":{"start":{"line":37,"column":24},"end":{"line":37,"column":35}},"9":{"start":{"line":38,"column":4},"end":{"line":38,"column":35}},"10":{"start":{"line":38,"column":25},"end":{"line":38,"column":33}},"11":{"start":{"line":39,"column":4},"end":{"line":39,"column":36}},"12":{"start":{"line":39,"column":25},"end":{"line":39,"column":34}},"13":{"start":{"line":40,"column":4},"end":{"line":43,"column":5}},"14":{"start":{"line":41,"column":8},"end":{"line":41,"column":16}},"15":{"start":{"line":42,"column":8},"end":{"line":42,"column":33}},"16":{"start":{"line":47,"column":4},"end":{"line":54,"column":5}},"17":{"start":{"line":48,"column":8},"end":{"line":53,"column":10}},"18":{"start":{"line":56,"column":4},"end":{"line":64,"column":5}},"19":{"start":{"line":57,"column":8},"end":{"line":57,"column":14}},"20":{"start":{"line":58,"column":8},"end":{"line":58,"column":42}},"21":{"start":{"line":58,"column":28},"end":{"line":58,"column":40}},"22":{"start":{"line":59,"column":8},"end":{"line":59,"column":20}},"23":{"start":{"line":60,"column":8},"end":{"line":60,"column":30}},"24":{"start":{"line":61,"column":8},"end":{"line":61,"column":34}},"25":{"start":{"line":62,"column":8},"end":{"line":62,"column":29}},"26":{"start":{"line":63,"column":8},"end":{"line":63,"column":17}},"27":{"start":{"line":66,"column":4},"end":{"line":73,"column":5}},"28":{"start":{"line":67,"column":8},"end":{"line":70,"column":9}},"29":{"start":{"line":68,"column":12},"end":{"line":68,"column":42}},"30":{"start":{"line":69,"column":12},"end":{"line":69,"column":46}},"31":{"start":{"line":71,"column":8},"end":{"line":71,"column":36}},"32":{"start":{"line":72,"column":8},"end":{"line":72,"column":22}},"33":{"start":{"line":75,"column":4},"end":{"line":84,"column":5}},"34":{"start":{"line":76,"column":8},"end":{"line":76,"column":16}},"35":{"start":{"line":77,"column":8},"end":{"line":77,"column":38}},"36":{"start":{"line":77,"column":24},"end":{"line":77,"column":36}},"37":{"start":{"line":78,"column":8},"end":{"line":78,"column":23}},"38":{"start":{"line":79,"column":8},"end":{"line":82,"column":9}},"39":{"start":{"line":80,"column":12},"end":{"line":80,"column":22}},"40":{"start":{"line":81,"column":12},"end":{"line":81,"column":35}},"41":{"start":{"line":83,"column":8},"end":{"line":83,"column":20}},"42":{"start":{"line":86,"column":4},"end":{"line":92,"column":5}},"43":{"start":{"line":87,"column":8},"end":{"line":91,"column":10}},"44":{"start":{"line":88,"column":12},"end":{"line":90,"column":16}},"45":{"start":{"line":89,"column":16},"end":{"line":89,"column":35}},"46":{"start":{"line":94,"column":4},"end":{"line":110,"column":5}},"47":{"start":{"line":95,"column":8},"end":{"line":95,"column":29}},"48":{"start":{"line":96,"column":8},"end":{"line":109,"column":10}},"49":{"start":{"line":97,"column":12},"end":{"line":97,"column":36}},"50":{"start":{"line":98,"column":12},"end":{"line":98,"column":29}},"51":{"start":{"line":99,"column":12},"end":{"line":99,"column":25}},"52":{"start":{"line":100,"column":12},"end":{"line":107,"column":13}},"53":{"start":{"line":101,"column":16},"end":{"line":101,"column":35}},"54":{"start":{"line":102,"column":16},"end":{"line":105,"column":17}},"55":{"start":{"line":103,"column":20},"end":{"line":103,"column":34}},"56":{"start":{"line":104,"column":20},"end":{"line":104,"column":32}},"57":{"start":{"line":106,"column":16},"end":{"line":106,"column":31}},"58":{"start":{"line":108,"column":12},"end":{"line":108,"column":21}},"59":{"start":{"line":112,"column":4},"end":{"line":126,"column":5}},"60":{"start":{"line":113,"column":8},"end":{"line":113,"column":29}},"61":{"start":{"line":114,"column":8},"end":{"line":125,"column":10}},"62":{"start":{"line":115,"column":12},"end":{"line":115,"column":33}},"63":{"start":{"line":116,"column":12},"end":{"line":116,"column":29}},"64":{"start":{"line":117,"column":12},"end":{"line":123,"column":13}},"65":{"start":{"line":118,"column":16},"end":{"line":118,"column":35}},"66":{"start":{"line":119,"column":16},"end":{"line":121,"column":17}},"67":{"start":{"line":120,"column":20},"end":{"line":120,"column":34}},"68":{"start":{"line":122,"column":16},"end":{"line":122,"column":30}},"69":{"start":{"line":124,"column":12},"end":{"line":124,"column":24}},"70":{"start":{"line":128,"column":4},"end":{"line":141,"column":5}},"71":{"start":{"line":129,"column":8},"end":{"line":140,"column":10}},"72":{"start":{"line":130,"column":12},"end":{"line":130,"column":30}},"73":{"start":{"line":131,"column":12},"end":{"line":131,"column":29}},"74":{"start":{"line":132,"column":12},"end":{"line":132,"column":28}},"75":{"start":{"line":133,"column":12},"end":{"line":139,"column":13}},"76":{"start":{"line":134,"column":16},"end":{"line":134,"column":30}},"77":{"start":{"line":137,"column":16},"end":{"line":137,"column":30}},"78":{"start":{"line":138,"column":16},"end":{"line":138,"column":32}},"79":{"start":{"line":143,"column":4},"end":{"line":151,"column":5}},"80":{"start":{"line":144,"column":8},"end":{"line":150,"column":10}},"81":{"start":{"line":145,"column":12},"end":{"line":145,"column":32}},"82":{"start":{"line":146,"column":12},"end":{"line":148,"column":13}},"83":{"start":{"line":147,"column":16},"end":{"line":147,"column":37}},"84":{"start":{"line":149,"column":12},"end":{"line":149,"column":26}},"85":{"start":{"line":153,"column":4},"end":{"line":161,"column":5}},"86":{"start":{"line":154,"column":8},"end":{"line":160,"column":10}},"87":{"start":{"line":155,"column":12},"end":{"line":155,"column":32}},"88":{"start":{"line":156,"column":12},"end":{"line":158,"column":13}},"89":{"start":{"line":157,"column":16},"end":{"line":157,"column":38}},"90":{"start":{"line":159,"column":12},"end":{"line":159,"column":26}},"91":{"start":{"line":163,"column":4},"end":{"line":182,"column":5}},"92":{"start":{"line":164,"column":8},"end":{"line":181,"column":10}},"93":{"start":{"line":165,"column":12},"end":{"line":165,"column":45}},"94":{"start":{"line":166,"column":12},"end":{"line":166,"column":29}},"95":{"start":{"line":167,"column":12},"end":{"line":167,"column":26}},"96":{"start":{"line":168,"column":12},"end":{"line":168,"column":22}},"97":{"start":{"line":169,"column":12},"end":{"line":169,"column":54}},"98":{"start":{"line":170,"column":12},"end":{"line":173,"column":13}},"99":{"start":{"line":171,"column":16},"end":{"line":171,"column":34}},"100":{"start":{"line":172,"column":16},"end":{"line":172,"column":31}},"101":{"start":{"line":174,"column":12},"end":{"line":180,"column":13}},"102":{"start":{"line":175,"column":16},"end":{"line":175,"column":25}},"103":{"start":{"line":178,"column":16},"end":{"line":178,"column":30}},"104":{"start":{"line":179,"column":16},"end":{"line":179,"column":28}},"105":{"start":{"line":188,"column":4},"end":{"line":210,"column":5}},"106":{"start":{"line":189,"column":8},"end":{"line":194,"column":9}},"107":{"start":{"line":190,"column":12},"end":{"line":193,"column":30}},"108":{"start":{"line":195,"column":8},"end":{"line":195,"column":19}},"109":{"start":{"line":196,"column":8},"end":{"line":196,"column":17}},"110":{"start":{"line":197,"column":8},"end":{"line":201,"column":9}},"111":{"start":{"line":198,"column":12},"end":{"line":200,"column":13}},"112":{"start":{"line":199,"column":16},"end":{"line":199,"column":28}},"113":{"start":{"line":203,"column":8},"end":{"line":205,"column":9}},"114":{"start":{"line":204,"column":12},"end":{"line":204,"column":35}},"115":{"start":{"line":206,"column":8},"end":{"line":208,"column":9}},"116":{"start":{"line":207,"column":12},"end":{"line":207,"column":51}},"117":{"start":{"line":209,"column":8},"end":{"line":209,"column":19}},"118":{"start":{"line":226,"column":4},"end":{"line":231,"column":5}},"119":{"start":{"line":230,"column":8},"end":{"line":230,"column":40}},"120":{"start":{"line":240,"column":4},"end":{"line":240,"column":57}},"121":{"start":{"line":240,"column":20},"end":{"line":240,"column":55}},"122":{"start":{"line":244,"column":4},"end":{"line":244,"column":59}},"123":{"start":{"line":244,"column":22},"end":{"line":244,"column":57}},"124":{"start":{"line":248,"column":4},"end":{"line":248,"column":64}},"125":{"start":{"line":248,"column":24},"end":{"line":248,"column":62}},"126":{"start":{"line":252,"column":4},"end":{"line":252,"column":61}},"127":{"start":{"line":252,"column":22},"end":{"line":252,"column":59}},"128":{"start":{"line":256,"column":4},"end":{"line":256,"column":57}},"129":{"start":{"line":256,"column":20},"end":{"line":256,"column":55}},"130":{"start":{"line":259,"column":4},"end":{"line":259,"column":56}},"131":{"start":{"line":259,"column":20},"end":{"line":259,"column":54}},"132":{"start":{"line":263,"column":4},"end":{"line":272,"column":5}},"133":{"start":{"line":264,"column":8},"end":{"line":271,"column":12}},"134":{"start":{"line":265,"column":12},"end":{"line":265,"column":41}},"135":{"start":{"line":266,"column":12},"end":{"line":266,"column":56}},"136":{"start":{"line":267,"column":12},"end":{"line":269,"column":13}},"137":{"start":{"line":268,"column":16},"end":{"line":268,"column":55}},"138":{"start":{"line":270,"column":12},"end":{"line":270,"column":26}},"139":{"start":{"line":276,"column":4},"end":{"line":276,"column":58}},"140":{"start":{"line":276,"column":21},"end":{"line":276,"column":56}},"141":{"start":{"line":284,"column":4},"end":{"line":295,"column":5}},"142":{"start":{"line":285,"column":8},"end":{"line":289,"column":13}},"143":{"start":{"line":290,"column":8},"end":{"line":290,"column":41}},"144":{"start":{"line":290,"column":27},"end":{"line":290,"column":39}},"145":{"start":{"line":293,"column":8},"end":{"line":293,"column":37}},"146":{"start":{"line":294,"column":8},"end":{"line":294,"column":18}},"147":{"start":{"line":300,"column":4},"end":{"line":311,"column":5}},"148":{"start":{"line":301,"column":8},"end":{"line":310,"column":13}},"149":{"start":{"line":317,"column":4},"end":{"line":334,"column":5}},"150":{"start":{"line":318,"column":8},"end":{"line":333,"column":13}},"151":{"start":{"line":320,"column":16},"end":{"line":330,"column":19}},"152":{"start":{"line":321,"column":20},"end":{"line":321,"column":49}},"153":{"start":{"line":322,"column":20},"end":{"line":325,"column":52}},"154":{"start":{"line":326,"column":20},"end":{"line":328,"column":21}},"155":{"start":{"line":327,"column":24},"end":{"line":327,"column":63}},"156":{"start":{"line":329,"column":20},"end":{"line":329,"column":34}},"157":{"start":{"line":337,"column":4},"end":{"line":339,"column":5}},"158":{"start":{"line":338,"column":8},"end":{"line":338,"column":66}},"159":{"start":{"line":342,"column":4},"end":{"line":349,"column":5}},"160":{"start":{"line":343,"column":8},"end":{"line":348,"column":13}},"161":{"start":{"line":352,"column":4},"end":{"line":363,"column":5}},"162":{"start":{"line":353,"column":8},"end":{"line":362,"column":13}},"163":{"start":{"line":378,"column":4},"end":{"line":391,"column":5}},"164":{"start":{"line":379,"column":8},"end":{"line":390,"column":12}},"165":{"start":{"line":380,"column":12},"end":{"line":385,"column":82}},"166":{"start":{"line":386,"column":12},"end":{"line":388,"column":13}},"167":{"start":{"line":387,"column":16},"end":{"line":387,"column":55}},"168":{"start":{"line":389,"column":12},"end":{"line":389,"column":26}},"169":{"start":{"line":394,"column":4},"end":{"line":396,"column":5}},"170":{"start":{"line":395,"column":8},"end":{"line":395,"column":89}},"171":{"start":{"line":399,"column":4},"end":{"line":408,"column":5}},"172":{"start":{"line":400,"column":8},"end":{"line":400,"column":25}},"173":{"start":{"line":401,"column":8},"end":{"line":401,"column":52}},"174":{"start":{"line":402,"column":8},"end":{"line":402,"column":37}},"175":{"start":{"line":402,"column":26},"end":{"line":402,"column":35}},"176":{"start":{"line":403,"column":8},"end":{"line":403,"column":62}},"177":{"start":{"line":404,"column":8},"end":{"line":406,"column":9}},"178":{"start":{"line":405,"column":12},"end":{"line":405,"column":30}},"179":{"start":{"line":407,"column":8},"end":{"line":407,"column":17}},"180":{"start":{"line":411,"column":4},"end":{"line":413,"column":5}},"181":{"start":{"line":412,"column":8},"end":{"line":412,"column":88}},"182":{"start":{"line":421,"column":4},"end":{"line":438,"column":5}},"183":{"start":{"line":422,"column":8},"end":{"line":437,"column":13}},"184":{"start":{"line":424,"column":16},"end":{"line":434,"column":19}},"185":{"start":{"line":425,"column":20},"end":{"line":425,"column":49}},"186":{"start":{"line":426,"column":20},"end":{"line":429,"column":52}},"187":{"start":{"line":430,"column":20},"end":{"line":432,"column":21}},"188":{"start":{"line":431,"column":24},"end":{"line":431,"column":63}},"189":{"start":{"line":433,"column":20},"end":{"line":433,"column":34}},"190":{"start":{"line":441,"column":4},"end":{"line":443,"column":5}},"191":{"start":{"line":442,"column":8},"end":{"line":442,"column":57}},"192":{"start":{"line":448,"column":4},"end":{"line":454,"column":5}},"193":{"start":{"line":449,"column":8},"end":{"line":453,"column":13}},"194":{"start":{"line":459,"column":4},"end":{"line":461,"column":5}},"195":{"start":{"line":460,"column":8},"end":{"line":460,"column":54}},"196":{"start":{"line":464,"column":4},"end":{"line":466,"column":5}},"197":{"start":{"line":465,"column":8},"end":{"line":465,"column":62}},"198":{"start":{"line":470,"column":4},"end":{"line":472
[...]
  if (s === null) { return s; }","        maybeText = star(and(literal('.'), star(atext, 1)))();","        if (maybeText !== null) {","            add(s, maybeText);","        }","        return s;","    }","","    // dot-atom        =   [CFWS] dot-atom-text [CFWS]","    function dotAtom() {","        return wrap('dot-atom', and(invis(opt(cfws)), dotAtomText, invis(opt(cfws)))());","    }","","    // 3.2.4. Quoted Strings","","    //  qtext           =   %d33 /             ; Printable US-ASCII","    //                      %d35-91 /          ;  characters not including","    //                      %d93-126 /         ;  \"\\\" or the quote character","    //                      obs-qtext","    function qtext() {","        return wrap('qtext', or(","            function qtextFunc1() {","                return compareToken(function qtextFunc2(tok) {","                    var code = tok.charCodeAt(0);","                    var accept =","                        (33 === code) ||","                        (35 <= code && code <= 91) ||","                        (93 <= code && code <= 126);","                    if (opts.rfc6532) {","                        accept = accept || isUTF8NonAscii(tok);","                    }","                    return accept;","                });","            },","            obsQtext","        )());","    }","","    // qcontent        =   qtext / quoted-pair","    function qcontent() {","        return wrap('qcontent', or(qtext, quotedPair)());","    }","","    //  quoted-string   =   [CFWS]","    //                      DQUOTE *([FWS] qcontent) [FWS] DQUOTE","    //                      [CFWS]","    function quotedString() {","        return wrap('quoted-string', and(","            invis(opt(cfws)),","            invis(dquote), star(and(opt(colwsp(fws)), qcontent)), opt(invis(fws)), invis(dquote),","            invis(opt(cfws))","        )());","    }","","    // 3.2.5 Miscellaneous Tokens","","    // word            =   atom / quoted-string","    function word() {","        return wrap('word', or(atom, quotedString)());","    }","","    // phrase          =   1*word / obs-phrase","    function phrase() {","        return wrap('phrase', or(obsPhrase, star(word, 1))());","    }","","    // 3.4. Address Specification","    //   address         =   mailbox / group","    function address() {","        return wrap('address', or(mailbox, group)());","    }","","    //   mailbox         =   name-addr / addr-spec","    function mailbox() {","        return wrap('mailbox', or(nameAddr, addrSpec)());","    }","","    //   name-addr       =   [display-name] angle-addr","    function nameAddr() {","        return wrap('name-addr', and(opt(displayName), angleAddr)());","    }","","    //   angle-addr      =   [CFWS] \"<\" addr-spec \">\" [CFWS] /","    //                       obs-angle-addr","    function angleAddr() {","        return wrap('angle-addr', or(","            and(","                invis(opt(cfws)),","                literal('<'),","                addrSpec,","                literal('>'),","                invis(opt(cfws))","            ),","            obsAngleAddr","        )());","    }","","    //   group           =   display-name \":\" [group-list] \";\" [CFWS]","    function group() {","        return wrap('group', and(","            displayName,","            literal(':'),","            opt(groupList),","            literal(';'),","            invis(opt(cfws))","        )());","    }","","    //   display-name    =   phrase","    function displayName() {","        return wrap('display-name', function phraseFixedSemantic() {","            var result = phrase();","            if (result !== null) {","                result.semantic = collapseWhitespace(result.semantic);","            }","            return result;","        }());","    }","","    //   mailbox-list    =   (mailbox *(\",\" mailbox)) / obs-mbox-list","    function mailboxList() {","        return wrap('mailbox-list', or(","            and(","                mailbox,","                star(and(literal(','), mailbox))","            ),","            obsMboxList","        )());","    }","","    //   address-list    =   (address *(\",\" address)) / obs-addr-list","    function addressList() {","        return wrap('address-list', or(","            and(","                address,","                star(and(literal(','), address))","            ),","            obsAddrList","        )());","    }","","    //   group-list      =   mailbox-list / CFWS / obs-group-list","    function groupList() {","        return wrap('group-list', or(","            mailboxList,","            invis(cfws),","            obsGroupList","        )());","    }","","    // 3.4.1 Addr-Spec Specification","","    // local-part      =   dot-atom / quoted-string / obs-local-part","    function localPart() {","        // note: quoted-string, dotAtom are proper subsets of obs-local-part","        // so we really just have to look for obsLocalPart, if we don't care about the exact parse tree","        return wrap('local-part', or(obsLocalPart, dotAtom, quotedString)());","    }","","    //  dtext           =   %d33-90 /          ; Printable US-ASCII","    //                      %d94-126 /         ;  characters not including","    //                      obs-dtext          ;  \"[\", \"]\", or \"\\\"","    function dtext() {","        return wrap('dtext', or(","            function dtextFunc1() {","                return compareToken(function dtextFunc2(tok) {","                    var code = tok.charCodeAt(0);","                    var accept =","                        (33 <= code && code <= 90) ||","                        (94 <= code && code <= 126);","                    if (opts.rfc6532) {","                        accept = accept || isUTF8NonAscii(tok);","                    }","                    return accept;","                });","            },","            obsDtext","            )()","        );","    }","","    // domain-literal  =   [CFWS] \"[\" *([FWS] dtext) [FWS] \"]\" [CFWS]","    function domainLiteral() {","        return wrap('domain-literal', and(","            invis(opt(cfws)),","            literal('['),","            star(and(opt(fws), dtext)),","            opt(fws),","            literal(']'),","            invis(opt(cfws))","        )());","    }","","    // domain          =   dot-atom / domain-literal / obs-domain","    function domain() {","        return wrap('domain', function domainCheckTLD() {","            var result = or(obsDomain, dotAtom, domainLiteral)();","            if (opts.rejectTLD) {","                if (result.semantic.indexOf('.') < 0) {","                    return null;","                }","            }","            return result;","        }());","    }","","    // addr-spec       =   local-part \"@\" domain","    function addrSpec() {","        return wrap('addr-spec', and(","            localPart, literal('@'), domain","        )());","    }","","    // 4.1. Miscellaneous Obsolete Tokens","","    //  obs-NO-WS-CTL   =   %d1-8 /            ; US-ASCII control","    //                      %d11 /             ;  characters that do not","    //                      %d12 /             ;  include the carriage","    //                      %d14-31 /          ;  return, line feed, and","    //                      %d127              ;  white space characters","    function obsNoWsCtl() {","        return opts.strict ? null : wrap('obs-NO-WS-CTL', compareToken(function (tok) {","            var code = tok.charCodeAt(0);","            return ((1 <= code && code <= 8) ||","                    (11 === code || 12 === code) ||","                    (14 <= code && code <= 31) ||","                    (127 === code));","        }));","    }","","    // obs-ctext       =   obs-NO-WS-CTL","    function obsCtext() { return opts.strict ? null : wrap('obs-ctext', obsNoWsCtl()); }","","    // obs-qtext       =   obs-NO-WS-CTL","    function obsQtext() { return opts.strict ? null : wrap('obs-qtext', obsNoWsCtl()); }","","    // obs-qp          =   \"\\\" (%d0 / obs-NO-WS-CTL / LF / CR)","    function obsQP() {","        return opts.strict ? null : wrap('obs-qp', and(","            literal('\\\\'),","            or(literal('\\0'), obsNoWsCtl, lf, cr)","        )());","    }","","    // obs-phrase      =   word *(word / \".\" / CFWS)","    function obsPhrase() {","        return opts.strict ? null : wrap('obs-phrase', and(","            word,","            star(or(word, literal('.'), colwsp(cfws)))","        )());","    }","","    // 4.2. Obsolete Folding White Space","","    // NOTE: read the errata http://www.rfc-editor.org/errata_search.php?rfc=5322&eid=1908","    // obs-FWS         =   1*([CRLF] WSP)","    function obsFws() {","        return opts.strict ? null : wrap('obs-FWS', star(","            and(invis(opt(crlf)), wsp),","            1","        )());","    }","","    // 4.4. Obsolete Addressing","","    // obs-angle-addr  =   [CFWS] \"<\" obs-route addr-spec \">\" [CFWS]","    function obsAngleAddr() {","        return opts.strict ? null : wrap('obs-angle-addr', and(","            invis(opt(cfws)),","            literal('<'),","            obsRoute,","            addrSpec,","            literal('>'),","            invis(opt(cfws))","        )());","    }","","    // obs-route       =   obs-domain-list \":\"","    function obsRoute() {","        return opts.strict ? null : wrap('obs-route', and(","            obsDomainList,","            literal(':')","        )());","    }","","    //   obs-domain-list =   *(CFWS / \",\") \"@\" domain","    //                       *(\",\" [CFWS] [\"@\" domain])","    function obsDomainList() {","        return opts.strict ? null : wrap('obs-domain-list', and(","            star(or(invis(cfws), literal(','))),","            literal('@'),","            domain,","            star(and(","                literal(','),","                invis(opt(cfws)),","                opt(and(literal('@'), domain))","            ))","        )());","    }","","    // obs-mbox-list   =   *([CFWS] \",\") mailbox *(\",\" [mailbox / CFWS])","    function obsMboxList() {","        return opts.strict ? null : wrap('obs-mbox-list', and(","            star(and(","                invis(opt(cfws)),","                literal(',')","            )),","            mailbox,","            star(and(","                literal(','),","                opt(and(","                    mailbox,","                    invis(cfws)","                ))","            ))","        )());","    }","","    // obs-addr-list   =   *([CFWS] \",\") address *(\",\" [address / CFWS])","    function obsAddrList() {","        return opts.strict ? null : wrap('obs-addr-list', and(","            star(and(","                invis(opt(cfws)),","                literal(',')","            )),","            address,","            star(and(","                literal(','),","                opt(and(","                    address,","                    invis(cfws)","                ))","            ))","        )());","    }","","    // obs-group-list  =   1*([CFWS] \",\") [CFWS]","    function obsGroupList() {","        return opts.strict ? null : wrap('obs-group-list', and(","            star(and(","                invis(opt(cfws)),","                literal(',')","            ), 1),","            invis(opt(cfws))","        )());","    }","","    // obs-local-part = word *(\".\" word)","    function obsLocalPart() {","        return opts.strict ? null : wrap('obs-local-part', and(word, star(and(literal('.'), word)))());","    }","","    // obs-domain       = atom *(\".\" atom)","    function obsDomain() {","        return opts.strict ? null : wrap('obs-domain', and(atom, star(and(literal('.'), atom)))());","    }","","    // obs-dtext       =   obs-NO-WS-CTL / quoted-pair","    function obsDtext() {","        return opts.strict ? null : wrap('obs-dtext', or(obsNoWsCtl, quotedPair)());","    }","","    /////////////////////////////////////////////////////","","    // ast analysis","","    function findNode(name, root) {","        var i, queue, node;","        if (root === null || root === undefined) { return null; }","        queue = [root];","        while (queue.length > 0) {","            node = queue.shift();","            if (node.name === name) {","                return node;","            }","            for (i = 0; i < node.children.length; i += 1) {","                queue.push(node.children[i]);","            }","        }","        return null;","    }","","    function findAllNodes(name, root) {","        var i, queue, node, result;","        if (root === null || root === undefined) { return null; }","        queue = [root];","        result = [];","        while (queue.length > 0) {","            node = queue.shift();","            if (node.name === name) {","                result.push(node);","            }","            for (i = 0; i < node.children.length; i += 1) {","                queue.push(node.children[i]);","            }","        }","        return result;","    }","","    function giveResult(ast) {","        function grabSemantic(n) {","            return n !== null ? n.semantic : null;","        }","        var i, ret, addresses, addr, name, aspec, local, domain;","        if (ast === null) {","            return null;","        }","        ret = { ast: ast };","        addresses = findAllNodes('address', ast);","        ret.addresses = [];","        for (i = 0; i < addresses.length; i += 1) {","            addr = addresses[i];","            name = findNode('display-name', addr);","            aspec = findNode('addr-spec', addr);","            local = findNode('local-part', aspec);","            domain = findNode('domain', aspec);","            ret.addresses.push({","                node: addr,","                parts: {","                    name: name,","                    address: aspec,","                    local: local,","                    domain: domain","                },","                name: grabSemantic(name),","                address: grabSemantic(aspec),","                local: grabSemantic(local),","                domain: grabSemantic(domain)","            });","        }","","        if (opts.simple) {","            ret = ret.addresses;","            for (i = 0; i < ret.length; i += 1) {","                delete ret[i].node;","            }","        }","        return ret;","    }","","    /////////////////////////////////////////////////////","","    var parseString, pos, len, parsed;","","    opts = handleOpts(opts, {});","    if (opts === null) { return null; }","","    parseString = opts.input;","","    if (!opts.strict) {","        initialize();","        opts.strict = true;","        parsed = addressList(parseString);","        if (opts.partial || !inStr()) {","            return giveResult(parsed);","        }","        opts.strict = false;","    }","","    initialize();","    parsed = addressList(parseString);","    if (!opts.partial && inStr()) { return null; }","    return giveResult(parsed);","}","","function parseOneAddressSimple(opts) {","    var result;","","    opts = handleOpts(opts, {","        rfc6532: true,","        simple: true","    });","    if (opts === null) { return null; }","","    result = parse5322(opts);","","    if ((!result) ||","        (!opts.partial &&","            (opts.simple && result.length > 1) ||","            (!opts.simple && result.addresses.length > 1))) {","        return null;","    }","","    return opts.simple ?","        result && result[0] :","        result && result.addresses && result.addresses[0];","}","","function parseAddressListSimple(opts) {","    var result;","","    opts = handleOpts(opts, {","        rfc6532: true,","        simple: true","    });","    if (opts === null) { return null; }","","    result = parse5322(opts);","","    return opts.simple ? result : result.addresses;","}","","function handleOpts(opts, defs) {","    function isString(str) {","        return Object.prototype.toString.call(str) === '[object String]';","    }","","    function isObject(o) {","        return o === Object(o);","    }","","    function isNullUndef(o) {","        return o === null || o === undefined;","    }","","    var defaults, o;","","    if (isString(opts)) {","        opts = { input: opts };","    } else if (!isObject(opts)) {","        return null;","    }","","    if (!isString(opts.input)) { return null; }","    if (!defs) { return null; }","","    defaults = {","        rfc6532: false,","        partial: false,","        simple: false,","        strict: false,","        rejectTLD: false","    };","","    for (o in defaults) {","        if (isNullUndef(opts[o])) {","            opts[o] = !isNullUndef(defs[o]) ? defs[o] : defaults[o];","        }","        opts[o] = !!opts[o];","    }","    return opts;","}","","parse5322.parseOneAddress = parseOneAddressSimple;","parse5322.parseAddressList = parseAddressListSimple;","","if (typeof module !== 'undefined' && typeof module.exports !== 'undefined') {","    module.exports = parse5322;","} else {","    global.emailAddresses = parse5322;","}","","}(this));",""],"l":{"28":1,"31":1,"35":1,"36":1,"37":1,"38":1,"39":1,"40":1,"41":0,"42":0,"47":1,"48":0,"56":1,"57":0,"58":0,"59":0,"60":0,"61":0,"62":0,"63":0,"66":1,"67":0,"68":0,"69":0,"71":0,"72":0,"75":1,"76":0,"77":0,"78":0,"79":0,"80":0,"81":0,"83":0,"86":1,"87":0,"88":0,"89":0,"94":1,"95":0,"96":0,"97":0,"98":0,"99":0,"100":0,"101":0,"102":0,"103":0,"104":0,"106":0,"108":0,"112":1,"113":0,"114":0,"115":0,"116":0,"117":0,"118":0,"119":0,"120":0,"122":0,"124":0,"128":1,"129":0,"130":0,"131":0,"132":0,"133":0,"134":0,"137":0,"138":0,"143":1,"144":0,"145":0,"146":0,"147":0,"149":0,"153":1,"154":0,"155":0,"156":0,"157":0,"159":0,"163":1,"164":0,"165":0,"166":0,"167":0,"168":0,"169":0,"170":0,"171":0,"172":0,"174":0,"175":0,"178":0,"179":0,"188":1,"189":1,"190":0,"195":0,"196":0,"197":0,"198":0,"199":0,"203":0,"204":0,"206":0,"207":0,"209":0,"226":1,"230":0,"240":1,"244":1,"248":1,"252":1,"256":1,"259":1,"263":1,"264":0,"265":0,"266":0,"267":0,"268":0,"270":0,"276":1,"284":1,"285":0,"290":0,"293":0,"294":0,"300":1,"301":0,"317":1,"318":0,"320":0,"321":0,"322":0,"326":0,"327":0,"329":0,"337":1,"338":0,"342":1,"343":0,"352":1,"353":0,"378":1,"379":0,"380":0,"386":0,"387":0,"389":0,"394":1,"395":0,"399":1,"400":0,"401":0,"402":0,"403":0,"404":0,"405":0,"407":0,"411":1,"412":0,"421":1,"422":0,"424":0,"425":0,"426":0,"430":0,"431":0,"433":0,"441":1,"442":0,"448":1,"449":0,"459":1,"460":0,"464":1,"465":0,"470":1,"471":0,"475":1,"476":0,"480":1,"481":0,"486":1,"487":0,"500":1,"501":0,"511":1,"512":0,"513":0,"514":0,"515":0,"517":0,"522":1,"523":0,"533":1,"534":0,"544":1,"545":0,"555":1,"558":0,"564":1,"565":0,"567":0,"568":0,"569":0,"572":0,"573":0,"575":0,"584":1,"585":0,"596":1,"597":0,"598":0,"599":0,"600":0,"601":0,"604":0,"609":1,"610":0,"622":1,"623":0,"624":0,"625":0,"633":1,"636":1,"639":1,"640":0,"647":1,"648":0,"658":1,"659":0,"668":1,"669":0,"680":1,"681":0,"689":1,"690":0,"703":1,"704":0,"721":1,"722":0,"739":1,"740":0,"750":1,"751":0,"755":1,"756":0,"760":1,"761":0,"768":1,"769":0,"770":0,"771":0,"772":0,"773":0,"774":0,"775":0,"777":0,"778":0,"781":0,"784":1,"785":0,"786":0,"787":0,"788":0,"789":0,"790":0,"791":0,"792":0,"794":0,"795":0,"798":0,"801":1,"802":1,"803":0,"805":0,"806":0,"807":0,"809":0,"810":0,"811":0,"812":0,"813":0,"814":0,"815":0,"816":0,"817":0,"818":0,"833":0,"834":0,"835":0,"836":0,"839":0,"844":0,"846":0,"847":0,"849":0,"851":0,"852":0,"853":0,"854":0,"855":0,"856":0,"858":0,"861":0,"862":0,"863":0,"864":0,"867":1,"868":0,"870":0,"874":0,"876":0,"878":0,"882":0,"885":0,"890":1,"891":0,"893":0,"897":0,"899":0,"901":0,"904":1,"905":1,"906":0,"909":1,"910":0,"913":1,"914":0,"917":0,"919":0,"920":0,"921":0,"922":0,"925":0,"926":0,"928":0,"936":0,"937":0,"938":0,"940":0,"942":0,"945":1,"946":1,"948":1,"949":1,"951":0}}}